Analysis & Synthesis report for microprocessor
Wed Dec 19 21:05:29 2018
Quartus Prime Version 18.0.0 Build 614 04/24/2018 SJ Standard Edition


---------------------
; Table of Contents ;
---------------------
  1. Legal Notice
  2. Analysis & Synthesis Summary
  3. Analysis & Synthesis Settings
  4. Parallel Compilation
  5. Analysis & Synthesis Source Files Read
  6. Analysis & Synthesis Resource Usage Summary
  7. Analysis & Synthesis Resource Utilization by Entity
  8. Analysis & Synthesis RAM Summary
  9. General Register Statistics
 10. Multiplexer Restructuring Statistics (Restructuring Performed)
 11. Source assignments for program_memory_Q13:prog_mem|altsyncram:altsyncram_component|altsyncram_gva1:auto_generated
 12. Source assignments for data_memory_Q13:data_mem|altsyncram:altsyncram_component|altsyncram_8ag1:auto_generated
 13. Parameter Settings for User Entity Instance: program_memory_Q13:prog_mem|altsyncram:altsyncram_component
 14. Parameter Settings for User Entity Instance: data_memory_Q13:data_mem|altsyncram:altsyncram_component
 15. Parameter Settings for Inferred Entity Instance: Computational_unit_Q13:comp_unit|lpm_mult:Mult0
 16. altsyncram Parameter Settings by Entity Instance
 17. lpm_mult Parameter Settings by Entity Instance
 18. Post-Synthesis Netlist Statistics for Top Partition
 19. Elapsed Time Per Partition
 20. Analysis & Synthesis Messages
 21. Analysis & Synthesis Suppressed Messages



----------------
; Legal Notice ;
----------------
Copyright (C) 2018  Intel Corporation. All rights reserved.
Your use of Intel Corporation's design tools, logic functions 
and other software and tools, and its AMPP partner logic 
functions, and any output files from any of the foregoing 
(including device programming or simulation files), and any 
associated documentation or information are expressly subject 
to the terms and conditions of the Intel Program License 
Subscription Agreement, the Intel Quartus Prime License Agreement,
the Intel FPGA IP License Agreement, or other applicable license
agreement, including, without limitation, that your use is for
the sole purpose of programming logic devices manufactured by
Intel and sold by Intel or its authorized distributors.  Please
refer to the applicable agreement for further details.



+--------------------------------------------------------------------------------------+
; Analysis & Synthesis Summary                                                         ;
+------------------------------------+-------------------------------------------------+
; Analysis & Synthesis Status        ; Successful - Wed Dec 19 21:05:29 2018           ;
; Quartus Prime Version              ; 18.0.0 Build 614 04/24/2018 SJ Standard Edition ;
; Revision Name                      ; microprocessor                                  ;
; Top-level Entity Name              ; microprocessor                                  ;
; Family                             ; Cyclone IV E                                    ;
; Total logic elements               ; 215                                             ;
;     Total combinational functions  ; 186                                             ;
;     Dedicated logic registers      ; 51                                              ;
; Total registers                    ; 51                                              ;
; Total pins                         ; 108                                             ;
; Total virtual pins                 ; 0                                               ;
; Total memory bits                  ; 2,112                                           ;
; Embedded Multiplier 9-bit elements ; 0                                               ;
; Total PLLs                         ; 0                                               ;
+------------------------------------+-------------------------------------------------+


+------------------------------------------------------------------------------------------------------------+
; Analysis & Synthesis Settings                                                                              ;
+------------------------------------------------------------------+--------------------+--------------------+
; Option                                                           ; Setting            ; Default Value      ;
+------------------------------------------------------------------+--------------------+--------------------+
; Device                                                           ; EP4CE115F29C7      ;                    ;
; Top-level entity name                                            ; microprocessor     ; microprocessor     ;
; Family name                                                      ; Cyclone IV E       ; Cyclone V          ;
; Use smart compilation                                            ; Off                ; Off                ;
; Enable parallel Assembler and Timing Analyzer during compilation ; On                 ; On                 ;
; Enable compact report table                                      ; Off                ; Off                ;
; Restructure Multiplexers                                         ; Auto               ; Auto               ;
; Create Debugging Nodes for IP Cores                              ; Off                ; Off                ;
; Preserve fewer node names                                        ; On                 ; On                 ;
; Intel FPGA IP Evaluation Mode                                    ; Enable             ; Enable             ;
; Verilog Version                                                  ; Verilog_2001       ; Verilog_2001       ;
; VHDL Version                                                     ; VHDL_1993          ; VHDL_1993          ;
; State Machine Processing                                         ; Auto               ; Auto               ;
; Safe State Machine                                               ; Off                ; Off                ;
; Extract Verilog State Machines                                   ; On                 ; On                 ;
; Extract VHDL State Machines                                      ; On                 ; On                 ;
; Ignore Verilog initial constructs                                ; Off                ; Off                ;
; Iteration limit for constant Verilog loops                       ; 5000               ; 5000               ;
; Iteration limit for non-constant Verilog loops                   ; 250                ; 250                ;
; Add Pass-Through Logic to Inferred RAMs                          ; On                 ; On                 ;
; Infer RAMs from Raw Logic                                        ; On                 ; On                 ;
; Parallel Synthesis                                               ; On                 ; On                 ;
; DSP Block Balancing                                              ; Auto               ; Auto               ;
; NOT Gate Push-Back                                               ; On                 ; On                 ;
; Power-Up Don't Care                                              ; On                 ; On                 ;
; Remove Redundant Logic Cells                                     ; Off                ; Off                ;
; Remove Duplicate Registers                                       ; On                 ; On                 ;
; Ignore CARRY Buffers                                             ; Off                ; Off                ;
; Ignore CASCADE Buffers                                           ; Off                ; Off                ;
; Ignore GLOBAL Buffers                                            ; Off                ; Off                ;
; Ignore ROW GLOBAL Buffers                                        ; Off                ; Off                ;
; Ignore LCELL Buffers                                             ; Off                ; Off                ;
; Ignore SOFT Buffers                                              ; On                 ; On                 ;
; Limit AHDL Integers to 32 Bits                                   ; Off                ; Off                ;
; Optimization Technique                                           ; Balanced           ; Balanced           ;
; Carry Chain Length                                               ; 70                 ; 70                 ;
; Auto Carry Chains                                                ; On                 ; On                 ;
; Auto Open-Drain Pins                                             ; On                 ; On                 ;
; Perform WYSIWYG Primitive Resynthesis                            ; Off                ; Off                ;
; Auto ROM Replacement                                             ; On                 ; On                 ;
; Auto RAM Replacement                                             ; On                 ; On                 ;
; Auto DSP Block Replacement                                       ; On                 ; On                 ;
; Auto Shift Register Replacement                                  ; Auto               ; Auto               ;
; Allow Shift Register Merging across Hierarchies                  ; Auto               ; Auto               ;
; Auto Clock Enable Replacement                                    ; On                 ; On                 ;
; Strict RAM Replacement                                           ; Off                ; Off                ;
; Allow Synchronous Control Signals                                ; On                 ; On                 ;
; Force Use of Synchronous Clear Signals                           ; Off                ; Off                ;
; Auto RAM Block Balancing                                         ; On                 ; On                 ;
; Auto RAM to Logic Cell Conversion                                ; Off                ; Off                ;
; Auto Resource Sharing                                            ; Off                ; Off                ;
; Allow Any RAM Size For Recognition                               ; Off                ; Off                ;
; Allow Any ROM Size For Recognition                               ; Off                ; Off                ;
; Allow Any Shift Register Size For Recognition                    ; Off                ; Off                ;
; Use LogicLock Constraints during Resource Balancing              ; On                 ; On                 ;
; Ignore translate_off and synthesis_off directives                ; Off                ; Off                ;
; Timing-Driven Synthesis                                          ; On                 ; On                 ;
; Report Parameter Settings                                        ; On                 ; On                 ;
; Report Source Assignments                                        ; On                 ; On                 ;
; Report Connectivity Checks                                       ; On                 ; On                 ;
; Ignore Maximum Fan-Out Assignments                               ; Off                ; Off                ;
; Synchronization Register Chain Length                            ; 2                  ; 2                  ;
; Power Optimization During Synthesis                              ; Normal compilation ; Normal compilation ;
; HDL message level                                                ; Level2             ; Level2             ;
; Suppress Register Optimization Related Messages                  ; Off                ; Off                ;
; Number of Removed Registers Reported in Synthesis Report         ; 5000               ; 5000               ;
; Number of Swept Nodes Reported in Synthesis Report               ; 5000               ; 5000               ;
; Number of Inverted Registers Reported in Synthesis Report        ; 100                ; 100                ;
; Clock MUX Protection                                             ; On                 ; On                 ;
; Auto Gated Clock Conversion                                      ; Off                ; Off                ;
; Block Design Naming                                              ; Auto               ; Auto               ;
; SDC constraint protection                                        ; Off                ; Off                ;
; Synthesis Effort                                                 ; Auto               ; Auto               ;
; Shift Register Replacement - Allow Asynchronous Clear Signal     ; On                 ; On                 ;
; Pre-Mapping Resynthesis Optimization                             ; Off                ; Off                ;
; Analysis & Synthesis Message Level                               ; Medium             ; Medium             ;
; Disable Register Merging Across Hierarchies                      ; Auto               ; Auto               ;
; Resource Aware Inference For Block RAM                           ; On                 ; On                 ;
+------------------------------------------------------------------+--------------------+--------------------+


+------------------------------------------+
; Parallel Compilation                     ;
+----------------------------+-------------+
; Processors                 ; Number      ;
+----------------------------+-------------+
; Number detected on machine ; 4           ;
; Maximum allowed            ; 2           ;
;                            ;             ;
; Average used               ; 1.00        ;
; Maximum used               ; 2           ;
;                            ;             ;
; Usage by Processor         ; % Time Used ;
;     Processor 1            ; 100.0%      ;
;     Processor 2            ;   0.0%      ;
+----------------------------+-------------+


+-----------------------------------------------------------------------------------------------------------------------------------------------------------------------------------+
; Analysis & Synthesis Source Files Read                                                                                                                                            ;
+----------------------------------+-----------------+----------------------------------------+---------------------------------------------------------------------------+---------+
; File Name with User-Entered Path ; Used in Netlist ; File Type                              ; File Name with Absolute Path                                              ; Library ;
+----------------------------------+-----------------+----------------------------------------+---------------------------------------------------------------------------+---------+
; Computational_unit_Q13.v         ; yes             ; User Verilog HDL File                  ; /home/bbs048/engr-ece/CME341/2016_final_exam/Computational_unit_Q13.v     ;         ;
; data_memory_Q13.v                ; yes             ; User Wizard-Generated File             ; /home/bbs048/engr-ece/CME341/2016_final_exam/data_memory_Q13.v            ;         ;
; microprocessor.v                 ; yes             ; User Verilog HDL File                  ; /home/bbs048/engr-ece/CME341/2016_final_exam/microprocessor.v             ;         ;
; Instruction_decoder_Q13.v        ; yes             ; User Verilog HDL File                  ; /home/bbs048/engr-ece/CME341/2016_final_exam/Instruction_decoder_Q13.v    ;         ;
; program_memory_Q13.v             ; yes             ; User Wizard-Generated File             ; /home/bbs048/engr-ece/CME341/2016_final_exam/program_memory_Q13.v         ;         ;
; program_sequencer_Q13.v          ; yes             ; User Verilog HDL File                  ; /home/bbs048/engr-ece/CME341/2016_final_exam/program_sequencer_Q13.v      ;         ;
; altsyncram.tdf                   ; yes             ; Megafunction                           ; /opt/intelFPGA/18.0/quartus/libraries/megafunctions/altsyncram.tdf        ;         ;
; stratix_ram_block.inc            ; yes             ; Megafunction                           ; /opt/intelFPGA/18.0/quartus/libraries/megafunctions/stratix_ram_block.inc ;         ;
; lpm_mux.inc                      ; yes             ; Megafunction                           ; /opt/intelFPGA/18.0/quartus/libraries/megafunctions/lpm_mux.inc           ;         ;
; lpm_decode.inc                   ; yes             ; Megafunction                           ; /opt/intelFPGA/18.0/quartus/libraries/megafunctions/lpm_decode.inc        ;         ;
; aglobal180.inc                   ; yes             ; Megafunction                           ; /opt/intelFPGA/18.0/quartus/libraries/megafunctions/aglobal180.inc        ;         ;
; a_rdenreg.inc                    ; yes             ; Megafunction                           ; /opt/intelFPGA/18.0/quartus/libraries/megafunctions/a_rdenreg.inc         ;         ;
; altrom.inc                       ; yes             ; Megafunction                           ; /opt/intelFPGA/18.0/quartus/libraries/megafunctions/altrom.inc            ;         ;
; altram.inc                       ; yes             ; Megafunction                           ; /opt/intelFPGA/18.0/quartus/libraries/megafunctions/altram.inc            ;         ;
; altdpram.inc                     ; yes             ; Megafunction                           ; /opt/intelFPGA/18.0/quartus/libraries/megafunctions/altdpram.inc          ;         ;
; db/altsyncram_gva1.tdf           ; yes             ; Auto-Generated Megafunction            ; /home/bbs048/engr-ece/CME341/2016_final_exam/db/altsyncram_gva1.tdf       ;         ;
; CME341_2016_final_Q13.hex        ; yes             ; Auto-Found Memory Initialization File  ; /home/bbs048/engr-ece/CME341/2016_final_exam/CME341_2016_final_Q13.hex    ;         ;
; db/altsyncram_8ag1.tdf           ; yes             ; Auto-Generated Megafunction            ; /home/bbs048/engr-ece/CME341/2016_final_exam/db/altsyncram_8ag1.tdf       ;         ;
; lpm_mult.tdf                     ; yes             ; Megafunction                           ; /opt/intelFPGA/18.0/quartus/libraries/megafunctions/lpm_mult.tdf          ;         ;
; lpm_add_sub.inc                  ; yes             ; Megafunction                           ; /opt/intelFPGA/18.0/quartus/libraries/megafunctions/lpm_add_sub.inc       ;         ;
; multcore.inc                     ; yes             ; Megafunction                           ; /opt/intelFPGA/18.0/quartus/libraries/megafunctions/multcore.inc          ;         ;
; bypassff.inc                     ; yes             ; Megafunction                           ; /opt/intelFPGA/18.0/quartus/libraries/megafunctions/bypassff.inc          ;         ;
; altshift.inc                     ; yes             ; Megafunction                           ; /opt/intelFPGA/18.0/quartus/libraries/megafunctions/altshift.inc          ;         ;
; db/mult_j8t.tdf                  ; yes             ; Auto-Generated Megafunction            ; /home/bbs048/engr-ece/CME341/2016_final_exam/db/mult_j8t.tdf              ;         ;
+----------------------------------+-----------------+----------------------------------------+---------------------------------------------------------------------------+---------+


+---------------------------------------------------------+
; Analysis & Synthesis Resource Usage Summary             ;
+---------------------------------------------+-----------+
; Resource                                    ; Usage     ;
+---------------------------------------------+-----------+
; Estimated Total logic elements              ; 215       ;
;                                             ;           ;
; Total combinational functions               ; 186       ;
; Logic element usage by number of LUT inputs ;           ;
;     -- 4 input functions                    ; 109       ;
;     -- 3 input functions                    ; 43        ;
;     -- <=2 input functions                  ; 34        ;
;                                             ;           ;
; Logic elements by mode                      ;           ;
;     -- normal mode                          ; 155       ;
;     -- arithmetic mode                      ; 31        ;
;                                             ;           ;
; Total registers                             ; 51        ;
;     -- Dedicated logic registers            ; 51        ;
;     -- I/O registers                        ; 0         ;
;                                             ;           ;
; I/O pins                                    ; 108       ;
; Total memory bits                           ; 2112      ;
;                                             ;           ;
; Embedded Multiplier 9-bit elements          ; 0         ;
;                                             ;           ;
; Maximum fan-out node                        ; clk~input ;
; Maximum fan-out                             ; 63        ;
; Total fan-out                               ; 1079      ;
; Average fan-out                             ; 2.32      ;
+---------------------------------------------+-----------+


+-----------------------------------------------------------------------------------------------------------------------------------------------------------------------------------------------------------------------------------------------------------------------------------------------------------------------------+
; Analysis & Synthesis Resource Utilization by Entity                                                                                                                                                                                                                                                                         ;
+--------------------------------------------+---------------------+---------------------------+-------------+--------------+---------+-----------+------+--------------+------------------------------------------------------------------------------------------------------------+-------------------------+--------------+
; Compilation Hierarchy Node                 ; Combinational ALUTs ; Dedicated Logic Registers ; Memory Bits ; DSP Elements ; DSP 9x9 ; DSP 18x18 ; Pins ; Virtual Pins ; Full Hierarchy Name                                                                                        ; Entity Name             ; Library Name ;
+--------------------------------------------+---------------------+---------------------------+-------------+--------------+---------+-----------+------+--------------+------------------------------------------------------------------------------------------------------------+-------------------------+--------------+
; |microprocessor                            ; 186 (0)             ; 51 (1)                    ; 2112        ; 0            ; 0       ; 0         ; 108  ; 0            ; |microprocessor                                                                                            ; microprocessor          ; work         ;
;    |Computational_unit_Q13:comp_unit|      ; 127 (94)            ; 33 (33)                   ; 0           ; 0            ; 0       ; 0         ; 0    ; 0            ; |microprocessor|Computational_unit_Q13:comp_unit                                                           ; Computational_unit_Q13  ; work         ;
;       |lpm_mult:Mult0|                     ; 33 (0)              ; 0 (0)                     ; 0           ; 0            ; 0       ; 0         ; 0    ; 0            ; |microprocessor|Computational_unit_Q13:comp_unit|lpm_mult:Mult0                                            ; lpm_mult                ; work         ;
;          |mult_j8t:auto_generated|         ; 33 (33)             ; 0 (0)                     ; 0           ; 0            ; 0       ; 0         ; 0    ; 0            ; |microprocessor|Computational_unit_Q13:comp_unit|lpm_mult:Mult0|mult_j8t:auto_generated                    ; mult_j8t                ; work         ;
;    |Instruction_decoder_Q13:instr_decoder| ; 41 (41)             ; 9 (9)                     ; 0           ; 0            ; 0       ; 0         ; 0    ; 0            ; |microprocessor|Instruction_decoder_Q13:instr_decoder                                                      ; Instruction_decoder_Q13 ; work         ;
;    |data_memory_Q13:data_mem|              ; 0 (0)               ; 0 (0)                     ; 64          ; 0            ; 0       ; 0         ; 0    ; 0            ; |microprocessor|data_memory_Q13:data_mem                                                                   ; data_memory_Q13         ; work         ;
;       |altsyncram:altsyncram_component|    ; 0 (0)               ; 0 (0)                     ; 64          ; 0            ; 0       ; 0         ; 0    ; 0            ; |microprocessor|data_memory_Q13:data_mem|altsyncram:altsyncram_component                                   ; altsyncram              ; work         ;
;          |altsyncram_8ag1:auto_generated|  ; 0 (0)               ; 0 (0)                     ; 64          ; 0            ; 0       ; 0         ; 0    ; 0            ; |microprocessor|data_memory_Q13:data_mem|altsyncram:altsyncram_component|altsyncram_8ag1:auto_generated    ; altsyncram_8ag1         ; work         ;
;    |program_memory_Q13:prog_mem|           ; 0 (0)               ; 0 (0)                     ; 2048        ; 0            ; 0       ; 0         ; 0    ; 0            ; |microprocessor|program_memory_Q13:prog_mem                                                                ; program_memory_Q13      ; work         ;
;       |altsyncram:altsyncram_component|    ; 0 (0)               ; 0 (0)                     ; 2048        ; 0            ; 0       ; 0         ; 0    ; 0            ; |microprocessor|program_memory_Q13:prog_mem|altsyncram:altsyncram_component                                ; altsyncram              ; work         ;
;          |altsyncram_gva1:auto_generated|  ; 0 (0)               ; 0 (0)                     ; 2048        ; 0            ; 0       ; 0         ; 0    ; 0            ; |microprocessor|program_memory_Q13:prog_mem|altsyncram:altsyncram_component|altsyncram_gva1:auto_generated ; altsyncram_gva1         ; work         ;
;    |program_sequencer_Q13:prog_sequencer|  ; 18 (18)             ; 8 (8)                     ; 0           ; 0            ; 0       ; 0         ; 0    ; 0            ; |microprocessor|program_sequencer_Q13:prog_sequencer                                                       ; program_sequencer_Q13   ; work         ;
+--------------------------------------------+---------------------+---------------------------+-------------+--------------+---------+-----------+------+--------------+------------------------------------------------------------------------------------------------------------+-------------------------+--------------+
Note: For table entries with two numbers listed, the numbers in parentheses indicate the number of resources of the given type used by the specific entity alone. The numbers listed outside of parentheses indicate the total resources of the given type used by the specific entity and all of its sub-entities in the hierarchy.


+---------------------------------------------------------------------------------------------------------------------------------------------------------------------------------------------------------------------------+
; Analysis & Synthesis RAM Summary                                                                                                                                                                                          ;
+-------------------------------------------------------------------------------------------------------+------+-------------+--------------+--------------+--------------+--------------+------+---------------------------+
; Name                                                                                                  ; Type ; Mode        ; Port A Depth ; Port A Width ; Port B Depth ; Port B Width ; Size ; MIF                       ;
+-------------------------------------------------------------------------------------------------------+------+-------------+--------------+--------------+--------------+--------------+------+---------------------------+
; data_memory_Q13:data_mem|altsyncram:altsyncram_component|altsyncram_8ag1:auto_generated|ALTSYNCRAM    ; AUTO ; Single Port ; 16           ; 4            ; --           ; --           ; 64   ; None                      ;
; program_memory_Q13:prog_mem|altsyncram:altsyncram_component|altsyncram_gva1:auto_generated|ALTSYNCRAM ; AUTO ; ROM         ; 256          ; 8            ; --           ; --           ; 2048 ; CME341_2016_final_Q13.hex ;
+-------------------------------------------------------------------------------------------------------+------+-------------+--------------+--------------+--------------+--------------+------+---------------------------+


+------------------------------------------------------+
; General Register Statistics                          ;
+----------------------------------------------+-------+
; Statistic                                    ; Value ;
+----------------------------------------------+-------+
; Total registers                              ; 51    ;
; Number of registers using Synchronous Clear  ; 1     ;
; Number of registers using Synchronous Load   ; 5     ;
; Number of registers using Asynchronous Clear ; 0     ;
; Number of registers using Asynchronous Load  ; 0     ;
; Number of registers using Clock Enable       ; 33    ;
; Number of registers using Preset             ; 0     ;
+----------------------------------------------+-------+


+-----------------------------------------------------------------------------------------------------------------------------------------------------------------------------------+
; Multiplexer Restructuring Statistics (Restructuring Performed)                                                                                                                    ;
+--------------------+-----------+---------------+----------------------+------------------------+------------+---------------------------------------------------------------------+
; Multiplexer Inputs ; Bus Width ; Baseline Area ; Area if Restructured ; Saving if Restructured ; Registered ; Example Multiplexer Output                                          ;
+--------------------+-----------+---------------+----------------------+------------------------+------------+---------------------------------------------------------------------+
; 3:1                ; 4 bits    ; 8 LEs         ; 8 LEs                ; 0 LEs                  ; No         ; |microprocessor|program_sequencer_Q13:prog_sequencer|pm_addr[4]     ;
; 3:1                ; 2 bits    ; 4 LEs         ; 2 LEs                ; 2 LEs                  ; No         ; |microprocessor|Instruction_decoder_Q13:instr_decoder|y_sel         ;
; 16:1               ; 3 bits    ; 30 LEs        ; 21 LEs               ; 9 LEs                  ; No         ; |microprocessor|Computational_unit_Q13:comp_unit|Mux0               ;
; 6:1                ; 3 bits    ; 12 LEs        ; 9 LEs                ; 3 LEs                  ; No         ; |microprocessor|Instruction_decoder_Q13:instr_decoder|source_sel[2] ;
; 19:1               ; 3 bits    ; 36 LEs        ; 21 LEs               ; 15 LEs                 ; No         ; |microprocessor|Computational_unit_Q13:comp_unit|alu_out[1]         ;
+--------------------+-----------+---------------+----------------------+------------------------+------------+---------------------------------------------------------------------+


+-------------------------------------------------------------------------------------------------------------------+
; Source assignments for program_memory_Q13:prog_mem|altsyncram:altsyncram_component|altsyncram_gva1:auto_generated ;
+---------------------------------+--------------------+------+-----------------------------------------------------+
; Assignment                      ; Value              ; From ; To                                                  ;
+---------------------------------+--------------------+------+-----------------------------------------------------+
; OPTIMIZE_POWER_DURING_SYNTHESIS ; NORMAL_COMPILATION ; -    ; -                                                   ;
+---------------------------------+--------------------+------+-----------------------------------------------------+


+----------------------------------------------------------------------------------------------------------------+
; Source assignments for data_memory_Q13:data_mem|altsyncram:altsyncram_component|altsyncram_8ag1:auto_generated ;
+---------------------------------+--------------------+------+--------------------------------------------------+
; Assignment                      ; Value              ; From ; To                                               ;
+---------------------------------+--------------------+------+--------------------------------------------------+
; OPTIMIZE_POWER_DURING_SYNTHESIS ; NORMAL_COMPILATION ; -    ; -                                                ;
+---------------------------------+--------------------+------+--------------------------------------------------+


+----------------------------------------------------------------------------------------------------------+
; Parameter Settings for User Entity Instance: program_memory_Q13:prog_mem|altsyncram:altsyncram_component ;
+------------------------------------+---------------------------+-----------------------------------------+
; Parameter Name                     ; Value                     ; Type                                    ;
+------------------------------------+---------------------------+-----------------------------------------+
; BYTE_SIZE_BLOCK                    ; 8                         ; Untyped                                 ;
; AUTO_CARRY_CHAINS                  ; ON                        ; AUTO_CARRY                              ;
; IGNORE_CARRY_BUFFERS               ; OFF                       ; IGNORE_CARRY                            ;
; AUTO_CASCADE_CHAINS                ; ON                        ; AUTO_CASCADE                            ;
; IGNORE_CASCADE_BUFFERS             ; OFF                       ; IGNORE_CASCADE                          ;
; WIDTH_BYTEENA                      ; 1                         ; Untyped                                 ;
; OPERATION_MODE                     ; ROM                       ; Untyped                                 ;
; WIDTH_A                            ; 8                         ; Signed Integer                          ;
; WIDTHAD_A                          ; 8                         ; Signed Integer                          ;
; NUMWORDS_A                         ; 256                       ; Signed Integer                          ;
; OUTDATA_REG_A                      ; UNREGISTERED              ; Untyped                                 ;
; ADDRESS_ACLR_A                     ; NONE                      ; Untyped                                 ;
; OUTDATA_ACLR_A                     ; NONE                      ; Untyped                                 ;
; WRCONTROL_ACLR_A                   ; NONE                      ; Untyped                                 ;
; INDATA_ACLR_A                      ; NONE                      ; Untyped                                 ;
; BYTEENA_ACLR_A                     ; NONE                      ; Untyped                                 ;
; WIDTH_B                            ; 1                         ; Untyped                                 ;
; WIDTHAD_B                          ; 1                         ; Untyped                                 ;
; NUMWORDS_B                         ; 1                         ; Untyped                                 ;
; INDATA_REG_B                       ; CLOCK1                    ; Untyped                                 ;
; WRCONTROL_WRADDRESS_REG_B          ; CLOCK1                    ; Untyped                                 ;
; RDCONTROL_REG_B                    ; CLOCK1                    ; Untyped                                 ;
; ADDRESS_REG_B                      ; CLOCK1                    ; Untyped                                 ;
; OUTDATA_REG_B                      ; UNREGISTERED              ; Untyped                                 ;
; BYTEENA_REG_B                      ; CLOCK1                    ; Untyped                                 ;
; INDATA_ACLR_B                      ; NONE                      ; Untyped                                 ;
; WRCONTROL_ACLR_B                   ; NONE                      ; Untyped                                 ;
; ADDRESS_ACLR_B                     ; NONE                      ; Untyped                                 ;
; OUTDATA_ACLR_B                     ; NONE                      ; Untyped                                 ;
; RDCONTROL_ACLR_B                   ; NONE                      ; Untyped                                 ;
; BYTEENA_ACLR_B                     ; NONE                      ; Untyped                                 ;
; WIDTH_BYTEENA_A                    ; 1                         ; Signed Integer                          ;
; WIDTH_BYTEENA_B                    ; 1                         ; Untyped                                 ;
; RAM_BLOCK_TYPE                     ; AUTO                      ; Untyped                                 ;
; BYTE_SIZE                          ; 8                         ; Untyped                                 ;
; READ_DURING_WRITE_MODE_MIXED_PORTS ; DONT_CARE                 ; Untyped                                 ;
; READ_DURING_WRITE_MODE_PORT_A      ; NEW_DATA_NO_NBE_READ      ; Untyped                                 ;
; READ_DURING_WRITE_MODE_PORT_B      ; NEW_DATA_NO_NBE_READ      ; Untyped                                 ;
; INIT_FILE                          ; CME341_2016_final_Q13.hex ; Untyped                                 ;
; INIT_FILE_LAYOUT                   ; PORT_A                    ; Untyped                                 ;
; MAXIMUM_DEPTH                      ; 0                         ; Untyped                                 ;
; CLOCK_ENABLE_INPUT_A               ; BYPASS                    ; Untyped                                 ;
; CLOCK_ENABLE_INPUT_B               ; NORMAL                    ; Untyped                                 ;
; CLOCK_ENABLE_OUTPUT_A              ; BYPASS                    ; Untyped                                 ;
; CLOCK_ENABLE_OUTPUT_B              ; NORMAL                    ; Untyped                                 ;
; CLOCK_ENABLE_CORE_A                ; USE_INPUT_CLKEN           ; Untyped                                 ;
; CLOCK_ENABLE_CORE_B                ; USE_INPUT_CLKEN           ; Untyped                                 ;
; ENABLE_ECC                         ; FALSE                     ; Untyped                                 ;
; ECC_PIPELINE_STAGE_ENABLED         ; FALSE                     ; Untyped                                 ;
; WIDTH_ECCSTATUS                    ; 3                         ; Untyped                                 ;
; DEVICE_FAMILY                      ; Cyclone IV E              ; Untyped                                 ;
; CBXI_PARAMETER                     ; altsyncram_gva1           ; Untyped                                 ;
+------------------------------------+---------------------------+-----------------------------------------+
Note: In order to hide this table in the UI and the text report file, please set the "Show Parameter Settings in Synthesis Report" option in "Analysis and Synthesis Settings -> More Settings" to "Off".


+-------------------------------------------------------------------------------------------------------+
; Parameter Settings for User Entity Instance: data_memory_Q13:data_mem|altsyncram:altsyncram_component ;
+------------------------------------+------------------------+-----------------------------------------+
; Parameter Name                     ; Value                  ; Type                                    ;
+------------------------------------+------------------------+-----------------------------------------+
; BYTE_SIZE_BLOCK                    ; 8                      ; Untyped                                 ;
; AUTO_CARRY_CHAINS                  ; ON                     ; AUTO_CARRY                              ;
; IGNORE_CARRY_BUFFERS               ; OFF                    ; IGNORE_CARRY                            ;
; AUTO_CASCADE_CHAINS                ; ON                     ; AUTO_CASCADE                            ;
; IGNORE_CASCADE_BUFFERS             ; OFF                    ; IGNORE_CASCADE                          ;
; WIDTH_BYTEENA                      ; 1                      ; Untyped                                 ;
; OPERATION_MODE                     ; SINGLE_PORT            ; Untyped                                 ;
; WIDTH_A                            ; 4                      ; Signed Integer                          ;
; WIDTHAD_A                          ; 4                      ; Signed Integer                          ;
; NUMWORDS_A                         ; 16                     ; Signed Integer                          ;
; OUTDATA_REG_A                      ; UNREGISTERED           ; Untyped                                 ;
; ADDRESS_ACLR_A                     ; NONE                   ; Untyped                                 ;
; OUTDATA_ACLR_A                     ; NONE                   ; Untyped                                 ;
; WRCONTROL_ACLR_A                   ; NONE                   ; Untyped                                 ;
; INDATA_ACLR_A                      ; NONE                   ; Untyped                                 ;
; BYTEENA_ACLR_A                     ; NONE                   ; Untyped                                 ;
; WIDTH_B                            ; 1                      ; Untyped                                 ;
; WIDTHAD_B                          ; 1                      ; Untyped                                 ;
; NUMWORDS_B                         ; 1                      ; Untyped                                 ;
; INDATA_REG_B                       ; CLOCK1                 ; Untyped                                 ;
; WRCONTROL_WRADDRESS_REG_B          ; CLOCK1                 ; Untyped                                 ;
; RDCONTROL_REG_B                    ; CLOCK1                 ; Untyped                                 ;
; ADDRESS_REG_B                      ; CLOCK1                 ; Untyped                                 ;
; OUTDATA_REG_B                      ; UNREGISTERED           ; Untyped                                 ;
; BYTEENA_REG_B                      ; CLOCK1                 ; Untyped                                 ;
; INDATA_ACLR_B                      ; NONE                   ; Untyped                                 ;
; WRCONTROL_ACLR_B                   ; NONE                   ; Untyped                                 ;
; ADDRESS_ACLR_B                     ; NONE                   ; Untyped                                 ;
; OUTDATA_ACLR_B                     ; NONE                   ; Untyped                                 ;
; RDCONTROL_ACLR_B                   ; NONE                   ; Untyped                                 ;
; BYTEENA_ACLR_B                     ; NONE                   ; Untyped                                 ;
; WIDTH_BYTEENA_A                    ; 1                      ; Signed Integer                          ;
; WIDTH_BYTEENA_B                    ; 1                      ; Untyped                                 ;
; RAM_BLOCK_TYPE                     ; AUTO                   ; Untyped                                 ;
; BYTE_SIZE                          ; 8                      ; Untyped                                 ;
; READ_DURING_WRITE_MODE_MIXED_PORTS ; DONT_CARE              ; Untyped                                 ;
; READ_DURING_WRITE_MODE_PORT_A      ; NEW_DATA_WITH_NBE_READ ; Untyped                                 ;
; READ_DURING_WRITE_MODE_PORT_B      ; NEW_DATA_NO_NBE_READ   ; Untyped                                 ;
; INIT_FILE                          ; UNUSED                 ; Untyped                                 ;
; INIT_FILE_LAYOUT                   ; PORT_A                 ; Untyped                                 ;
; MAXIMUM_DEPTH                      ; 0                      ; Untyped                                 ;
; CLOCK_ENABLE_INPUT_A               ; BYPASS                 ; Untyped                                 ;
; CLOCK_ENABLE_INPUT_B               ; NORMAL                 ; Untyped                                 ;
; CLOCK_ENABLE_OUTPUT_A              ; BYPASS                 ; Untyped                                 ;
; CLOCK_ENABLE_OUTPUT_B              ; NORMAL                 ; Untyped                                 ;
; CLOCK_ENABLE_CORE_A                ; USE_INPUT_CLKEN        ; Untyped                                 ;
; CLOCK_ENABLE_CORE_B                ; USE_INPUT_CLKEN        ; Untyped                                 ;
; ENABLE_ECC                         ; FALSE                  ; Untyped                                 ;
; ECC_PIPELINE_STAGE_ENABLED         ; FALSE                  ; Untyped                                 ;
; WIDTH_ECCSTATUS                    ; 3                      ; Untyped                                 ;
; DEVICE_FAMILY                      ; Cyclone IV E           ; Untyped                                 ;
; CBXI_PARAMETER                     ; altsyncram_8ag1        ; Untyped                                 ;
+------------------------------------+------------------------+-----------------------------------------+
Note: In order to hide this table in the UI and the text report file, please set the "Show Parameter Settings in Synthesis Report" option in "Analysis and Synthesis Settings -> More Settings" to "Off".


+--------------------------------------------------------------------------------------------------+
; Parameter Settings for Inferred Entity Instance: Computational_unit_Q13:comp_unit|lpm_mult:Mult0 ;
+------------------------------------------------+--------------+----------------------------------+
; Parameter Name                                 ; Value        ; Type                             ;
+------------------------------------------------+--------------+----------------------------------+
; AUTO_CARRY_CHAINS                              ; ON           ; AUTO_CARRY                       ;
; IGNORE_CARRY_BUFFERS                           ; OFF          ; IGNORE_CARRY                     ;
; AUTO_CASCADE_CHAINS                            ; ON           ; AUTO_CASCADE                     ;
; IGNORE_CASCADE_BUFFERS                         ; OFF          ; IGNORE_CASCADE                   ;
; LPM_WIDTHA                                     ; 4            ; Untyped                          ;
; LPM_WIDTHB                                     ; 4            ; Untyped                          ;
; LPM_WIDTHP                                     ; 8            ; Untyped                          ;
; LPM_WIDTHR                                     ; 8            ; Untyped                          ;
; LPM_WIDTHS                                     ; 1            ; Untyped                          ;
; LPM_REPRESENTATION                             ; UNSIGNED     ; Untyped                          ;
; LPM_PIPELINE                                   ; 0            ; Untyped                          ;
; LATENCY                                        ; 0            ; Untyped                          ;
; INPUT_A_IS_CONSTANT                            ; NO           ; Untyped                          ;
; INPUT_B_IS_CONSTANT                            ; NO           ; Untyped                          ;
; USE_EAB                                        ; OFF          ; Untyped                          ;
; MAXIMIZE_SPEED                                 ; 5            ; Untyped                          ;
; DEVICE_FAMILY                                  ; Cyclone IV E ; Untyped                          ;
; CARRY_CHAIN                                    ; MANUAL       ; Untyped                          ;
; APEX20K_TECHNOLOGY_MAPPER                      ; LUT          ; TECH_MAPPER_APEX20K              ;
; DEDICATED_MULTIPLIER_CIRCUITRY                 ; AUTO         ; Untyped                          ;
; DEDICATED_MULTIPLIER_MIN_INPUT_WIDTH_FOR_AUTO  ; 0            ; Untyped                          ;
; DEDICATED_MULTIPLIER_MIN_OUTPUT_WIDTH_FOR_AUTO ; 0            ; Untyped                          ;
; CBXI_PARAMETER                                 ; mult_j8t     ; Untyped                          ;
; INPUT_A_FIXED_VALUE                            ; Bx           ; Untyped                          ;
; INPUT_B_FIXED_VALUE                            ; Bx           ; Untyped                          ;
; USE_AHDL_IMPLEMENTATION                        ; OFF          ; Untyped                          ;
+------------------------------------------------+--------------+----------------------------------+
Note: In order to hide this table in the UI and the text report file, please set the "Show Parameter Settings in Synthesis Report" option in "Analysis and Synthesis Settings -> More Settings" to "Off".


+---------------------------------------------------------------------------------------------------------+
; altsyncram Parameter Settings by Entity Instance                                                        ;
+-------------------------------------------+-------------------------------------------------------------+
; Name                                      ; Value                                                       ;
+-------------------------------------------+-------------------------------------------------------------+
; Number of entity instances                ; 2                                                           ;
; Entity Instance                           ; program_memory_Q13:prog_mem|altsyncram:altsyncram_component ;
;     -- OPERATION_MODE                     ; ROM                                                         ;
;     -- WIDTH_A                            ; 8                                                           ;
;     -- NUMWORDS_A                         ; 256                                                         ;
;     -- OUTDATA_REG_A                      ; UNREGISTERED                                                ;
;     -- WIDTH_B                            ; 1                                                           ;
;     -- NUMWORDS_B                         ; 1                                                           ;
;     -- ADDRESS_REG_B                      ; CLOCK1                                                      ;
;     -- OUTDATA_REG_B                      ; UNREGISTERED                                                ;
;     -- RAM_BLOCK_TYPE                     ; AUTO                                                        ;
;     -- READ_DURING_WRITE_MODE_MIXED_PORTS ; DONT_CARE                                                   ;
; Entity Instance                           ; data_memory_Q13:data_mem|altsyncram:altsyncram_component    ;
;     -- OPERATION_MODE                     ; SINGLE_PORT                                                 ;
;     -- WIDTH_A                            ; 4                                                           ;
;     -- NUMWORDS_A                         ; 16                                                          ;
;     -- OUTDATA_REG_A                      ; UNREGISTERED                                                ;
;     -- WIDTH_B                            ; 1                                                           ;
;     -- NUMWORDS_B                         ; 1                                                           ;
;     -- ADDRESS_REG_B                      ; CLOCK1                                                      ;
;     -- OUTDATA_REG_B                      ; UNREGISTERED                                                ;
;     -- RAM_BLOCK_TYPE                     ; AUTO                                                        ;
;     -- READ_DURING_WRITE_MODE_MIXED_PORTS ; DONT_CARE                                                   ;
+-------------------------------------------+-------------------------------------------------------------+


+-----------------------------------------------------------------------------------------+
; lpm_mult Parameter Settings by Entity Instance                                          ;
+---------------------------------------+-------------------------------------------------+
; Name                                  ; Value                                           ;
+---------------------------------------+-------------------------------------------------+
; Number of entity instances            ; 1                                               ;
; Entity Instance                       ; Computational_unit_Q13:comp_unit|lpm_mult:Mult0 ;
;     -- LPM_WIDTHA                     ; 4                                               ;
;     -- LPM_WIDTHB                     ; 4                                               ;
;     -- LPM_WIDTHP                     ; 8                                               ;
;     -- LPM_REPRESENTATION             ; UNSIGNED                                        ;
;     -- INPUT_A_IS_CONSTANT            ; NO                                              ;
;     -- INPUT_B_IS_CONSTANT            ; NO                                              ;
;     -- USE_EAB                        ; OFF                                             ;
;     -- DEDICATED_MULTIPLIER_CIRCUITRY ; AUTO                                            ;
;     -- INPUT_A_FIXED_VALUE            ; Bx                                              ;
;     -- INPUT_B_FIXED_VALUE            ; Bx                                              ;
+---------------------------------------+-------------------------------------------------+


+-----------------------------------------------------+
; Post-Synthesis Netlist Statistics for Top Partition ;
+-----------------------+-----------------------------+
; Type                  ; Count                       ;
+-----------------------+-----------------------------+
; boundary_port         ; 108                         ;
; cycloneiii_ff         ; 51                          ;
;     ENA               ; 28                          ;
;     ENA SLD           ; 5                           ;
;     SCLR              ; 1                           ;
;     plain             ; 17                          ;
; cycloneiii_lcell_comb ; 187                         ;
;     arith             ; 31                          ;
;         2 data inputs ; 9                           ;
;         3 data inputs ; 22                          ;
;     normal            ; 156                         ;
;         0 data inputs ; 1                           ;
;         1 data inputs ; 1                           ;
;         2 data inputs ; 24                          ;
;         3 data inputs ; 21                          ;
;         4 data inputs ; 109                         ;
; cycloneiii_ram_block  ; 12                          ;
;                       ;                             ;
; Max LUT depth         ; 11.20                       ;
; Average LUT depth     ; 6.91                        ;
+-----------------------+-----------------------------+


+-------------------------------+
; Elapsed Time Per Partition    ;
+----------------+--------------+
; Partition Name ; Elapsed Time ;
+----------------+--------------+
; Top            ; 00:00:01     ;
+----------------+--------------+


+-------------------------------+
; Analysis & Synthesis Messages ;
+-------------------------------+
Info: *******************************************************************
Info: Running Quartus Prime Analysis & Synthesis
    Info: Version 18.0.0 Build 614 04/24/2018 SJ Standard Edition
    Info: Processing started: Wed Dec 19 21:05:13 2018
Info: Command: quartus_map --read_settings_files=on --write_settings_files=off microprocessor -c microprocessor
Warning (18236): Number of processors has not been specified which may cause overloading on shared machines.  Set the global assignment NUM_PARALLEL_PROCESSORS in your QSF to an appropriate value for best performance.
Info (20030): Parallel compilation is enabled and will use 2 of the 2 processors detected
Info (12021): Found 1 design units, including 1 entities, in source file program_memory_Q1.v
    Info (12023): Found entity 1: program_memory_Q1 File: /home/bbs048/engr-ece/CME341/2016_final_exam/program_memory_Q1.v Line: 39
Info (12021): Found 1 design units, including 1 entities, in source file Instruction_decoder_Q11.v
    Info (12023): Found entity 1: Instruction_decoder_Q11 File: /home/bbs048/engr-ece/CME341/2016_final_exam/Instruction_decoder_Q11.v Line: 1
Info (12021): Found 1 design units, including 1 entities, in source file program_memory_Q4.v
    Info (12023): Found entity 1: program_memory_Q4 File: /home/bbs048/engr-ece/CME341/2016_final_exam/program_memory_Q4.v Line: 39
Info (12021): Found 1 design units, including 1 entities, in source file Instruction_decoder_Q3.v
    Info (12023): Found entity 1: Instruction_decoder_Q3 File: /home/bbs048/engr-ece/CME341/2016_final_exam/Instruction_decoder_Q3.v Line: 1
Info (12021): Found 1 design units, including 1 entities, in source file data_memory_Q6b.v
    Info (12023): Found entity 1: data_memory_Q6b File: /home/bbs048/engr-ece/CME341/2016_final_exam/data_memory_Q6b.v Line: 39
Info (12021): Found 1 design units, including 1 entities, in source file Instruction_decoder_Q6b.v
    Info (12023): Found entity 1: Instruction_decoder_Q6b File: /home/bbs048/engr-ece/CME341/2016_final_exam/Instruction_decoder_Q6b.v Line: 1
Info (12021): Found 1 design units, including 1 entities, in source file Instruction_decoder_Q2.v
    Info (12023): Found entity 1: Instruction_decoder_Q2 File: /home/bbs048/engr-ece/CME341/2016_final_exam/Instruction_decoder_Q2.v Line: 1
Info (12021): Found 1 design units, including 1 entities, in source file program_memory_Q10.v
    Info (12023): Found entity 1: program_memory_Q10 File: /home/bbs048/engr-ece/CME341/2016_final_exam/program_memory_Q10.v Line: 39
Info (12021): Found 1 design units, including 1 entities, in source file Computational_unit_Q13.v
    Info (12023): Found entity 1: Computational_unit_Q13 File: /home/bbs048/engr-ece/CME341/2016_final_exam/Computational_unit_Q13.v Line: 1
Info (12021): Found 1 design units, including 1 entities, in source file data_memory_Q3.v
    Info (12023): Found entity 1: data_memory_Q3 File: /home/bbs048/engr-ece/CME341/2016_final_exam/data_memory_Q3.v Line: 39
Info (12021): Found 1 design units, including 1 entities, in source file data_memory_Q7.v
    Info (12023): Found entity 1: data_memory_Q7 File: /home/bbs048/engr-ece/CME341/2016_final_exam/data_memory_Q7.v Line: 39
Info (12021): Found 1 design units, including 1 entities, in source file Computational_unit_Q8.v
    Info (12023): Found entity 1: Computational_unit_Q8 File: /home/bbs048/engr-ece/CME341/2016_final_exam/Computational_unit_Q8.v Line: 1
Info (12021): Found 1 design units, including 1 entities, in source file data_memory_Q13.v
    Info (12023): Found entity 1: data_memory_Q13 File: /home/bbs048/engr-ece/CME341/2016_final_exam/data_memory_Q13.v Line: 39
Info (12021): Found 1 design units, including 1 entities, in source file Instruction_decoder_Q7.v
    Info (12023): Found entity 1: Instruction_decoder_Q7 File: /home/bbs048/engr-ece/CME341/2016_final_exam/Instruction_decoder_Q7.v Line: 1
Info (12021): Found 1 design units, including 1 entities, in source file program_memory_Q3.v
    Info (12023): Found entity 1: program_memory_Q3 File: /home/bbs048/engr-ece/CME341/2016_final_exam/program_memory_Q3.v Line: 39
Info (12021): Found 1 design units, including 1 entities, in source file microprocessor.v
    Info (12023): Found entity 1: microprocessor File: /home/bbs048/engr-ece/CME341/2016_final_exam/microprocessor.v Line: 1
Info (12021): Found 1 design units, including 1 entities, in source file Computational_unit_Q12.v
    Info (12023): Found entity 1: Computational_unit_Q12 File: /home/bbs048/engr-ece/CME341/2016_final_exam/Computational_unit_Q12.v Line: 1
Info (12021): Found 1 design units, including 1 entities, in source file Computational_unit_Q9.v
    Info (12023): Found entity 1: Computational_unit_Q9 File: /home/bbs048/engr-ece/CME341/2016_final_exam/Computational_unit_Q9.v Line: 1
Info (12021): Found 1 design units, including 1 entities, in source file Instruction_decoder_Q9.v
    Info (12023): Found entity 1: Instruction_decoder_Q9 File: /home/bbs048/engr-ece/CME341/2016_final_exam/Instruction_decoder_Q9.v Line: 1
Info (12021): Found 1 design units, including 1 entities, in source file program_memory_Q12.v
    Info (12023): Found entity 1: program_memory_Q12 File: /home/bbs048/engr-ece/CME341/2016_final_exam/program_memory_Q12.v Line: 39
Info (12021): Found 1 design units, including 1 entities, in source file Computational_unit_Q2.v
    Info (12023): Found entity 1: Computational_unit_Q2 File: /home/bbs048/engr-ece/CME341/2016_final_exam/Computational_unit_Q2.v Line: 1
Info (12021): Found 1 design units, including 1 entities, in source file Computational_unit_Q4.v
    Info (12023): Found entity 1: Computational_unit_Q4 File: /home/bbs048/engr-ece/CME341/2016_final_exam/Computational_unit_Q4.v Line: 1
Info (12021): Found 1 design units, including 1 entities, in source file Computational_unit_Q5.v
    Info (12023): Found entity 1: Computational_unit_Q5 File: /home/bbs048/engr-ece/CME341/2016_final_exam/Computational_unit_Q5.v Line: 1
Info (12021): Found 1 design units, including 1 entities, in source file program_sequencer_Q2.v
    Info (12023): Found entity 1: program_sequencer_Q2 File: /home/bbs048/engr-ece/CME341/2016_final_exam/program_sequencer_Q2.v Line: 1
Info (12021): Found 1 design units, including 1 entities, in source file program_sequencer_Q3.v
    Info (12023): Found entity 1: program_sequencer_Q3 File: /home/bbs048/engr-ece/CME341/2016_final_exam/program_sequencer_Q3.v Line: 1
Info (12021): Found 1 design units, including 1 entities, in source file Instruction_decoder_Q8.v
    Info (12023): Found entity 1: Instruction_decoder_Q8 File: /home/bbs048/engr-ece/CME341/2016_final_exam/Instruction_decoder_Q8.v Line: 1
Info (12021): Found 1 design units, including 1 entities, in source file data_memory_Q12.v
    Info (12023): Found entity 1: data_memory_Q12 File: /home/bbs048/engr-ece/CME341/2016_final_exam/data_memory_Q12.v Line: 39
Info (12021): Found 1 design units, including 1 entities, in source file Instruction_decoder_Q13.v
    Info (12023): Found entity 1: Instruction_decoder_Q13 File: /home/bbs048/engr-ece/CME341/2016_final_exam/Instruction_decoder_Q13.v Line: 1
Info (12021): Found 1 design units, including 1 entities, in source file program_sequencer_Q1.v
    Info (12023): Found entity 1: program_sequencer_Q1 File: /home/bbs048/engr-ece/CME341/2016_final_exam/program_sequencer_Q1.v Line: 1
Info (12021): Found 1 design units, including 1 entities, in source file Computational_unit_Q7.v
    Info (12023): Found entity 1: Computational_unit_Q7 File: /home/bbs048/engr-ece/CME341/2016_final_exam/Computational_unit_Q7.v Line: 1
Info (12021): Found 1 design units, including 1 entities, in source file data_memory_Q6a.v
    Info (12023): Found entity 1: data_memory_Q6a File: /home/bbs048/engr-ece/CME341/2016_final_exam/data_memory_Q6a.v Line: 39
Info (12021): Found 1 design units, including 1 entities, in source file Computational_unit_Q6a.v
    Info (12023): Found entity 1: Computational_unit_Q6a File: /home/bbs048/engr-ece/CME341/2016_final_exam/Computational_unit_Q6a.v Line: 1
Info (12021): Found 1 design units, including 1 entities, in source file program_memory_Q6a.v
    Info (12023): Found entity 1: program_memory_Q6a File: /home/bbs048/engr-ece/CME341/2016_final_exam/program_memory_Q6a.v Line: 39
Info (12021): Found 1 design units, including 1 entities, in source file data_memory_Q14.v
    Info (12023): Found entity 1: data_memory_Q14 File: /home/bbs048/engr-ece/CME341/2016_final_exam/data_memory_Q14.v Line: 39
Info (12021): Found 1 design units, including 1 entities, in source file program_sequencer_Q4.v
    Info (12023): Found entity 1: program_sequencer_Q4 File: /home/bbs048/engr-ece/CME341/2016_final_exam/program_sequencer_Q4.v Line: 1
Info (12021): Found 1 design units, including 1 entities, in source file program_memory_Q7.v
    Info (12023): Found entity 1: program_memory_Q7 File: /home/bbs048/engr-ece/CME341/2016_final_exam/program_memory_Q7.v Line: 39
Info (12021): Found 1 design units, including 1 entities, in source file Computational_unit_Q3.v
    Info (12023): Found entity 1: Computational_unit_Q3 File: /home/bbs048/engr-ece/CME341/2016_final_exam/Computational_unit_Q3.v Line: 1
Info (12021): Found 1 design units, including 1 entities, in source file program_sequencer_Q14.v
    Info (12023): Found entity 1: program_sequencer_Q14 File: /home/bbs048/engr-ece/CME341/2016_final_exam/program_sequencer_Q14.v Line: 1
Info (12021): Found 1 design units, including 1 entities, in source file data_memory_Q8.v
    Info (12023): Found entity 1: data_memory_Q8 File: /home/bbs048/engr-ece/CME341/2016_final_exam/data_memory_Q8.v Line: 39
Info (12021): Found 1 design units, including 1 entities, in source file program_memory_Q14.v
    Info (12023): Found entity 1: program_memory_Q14 File: /home/bbs048/engr-ece/CME341/2016_final_exam/program_memory_Q14.v Line: 39
Info (12021): Found 1 design units, including 1 entities, in source file data_memory_Q4.v
    Info (12023): Found entity 1: data_memory_Q4 File: /home/bbs048/engr-ece/CME341/2016_final_exam/data_memory_Q4.v Line: 39
Info (12021): Found 1 design units, including 1 entities, in source file Instruction_decoder_Q12.v
    Info (12023): Found entity 1: Instruction_decoder_Q12 File: /home/bbs048/engr-ece/CME341/2016_final_exam/Instruction_decoder_Q12.v Line: 1
Info (12021): Found 1 design units, including 1 entities, in source file Computational_unit_Q1.v
    Info (12023): Found entity 1: Computational_unit_Q1 File: /home/bbs048/engr-ece/CME341/2016_final_exam/Computational_unit_Q1.v Line: 1
Info (12021): Found 1 design units, including 1 entities, in source file Computational_unit_Q14.v
    Info (12023): Found entity 1: Computational_unit_Q14 File: /home/bbs048/engr-ece/CME341/2016_final_exam/Computational_unit_Q14.v Line: 1
Info (12021): Found 1 design units, including 1 entities, in source file Instruction_decoder_Q1.v
    Info (12023): Found entity 1: Instruction_decoder_Q1 File: /home/bbs048/engr-ece/CME341/2016_final_exam/Instruction_decoder_Q1.v Line: 1
Info (12021): Found 1 design units, including 1 entities, in source file program_sequencer_Q9.v
    Info (12023): Found entity 1: program_sequencer_Q9 File: /home/bbs048/engr-ece/CME341/2016_final_exam/program_sequencer_Q9.v Line: 1
Info (12021): Found 1 design units, including 1 entities, in source file program_memory_Q5.v
    Info (12023): Found entity 1: program_memory_Q5 File: /home/bbs048/engr-ece/CME341/2016_final_exam/program_memory_Q5.v Line: 39
Info (12021): Found 1 design units, including 1 entities, in source file program_sequencer_Q5.v
    Info (12023): Found entity 1: program_sequencer_Q5 File: /home/bbs048/engr-ece/CME341/2016_final_exam/program_sequencer_Q5.v Line: 1
Info (12021): Found 1 design units, including 1 entities, in source file Instruction_decoder_Q5.v
    Info (12023): Found entity 1: Instruction_decoder_Q5 File: /home/bbs048/engr-ece/CME341/2016_final_exam/Instruction_decoder_Q5.v Line: 1
Info (12021): Found 1 design units, including 1 entities, in source file program_memory_Q13.v
    Info (12023): Found entity 1: program_memory_Q13 File: /home/bbs048/engr-ece/CME341/2016_final_exam/program_memory_Q13.v Line: 39
Info (12021): Found 1 design units, including 1 entities, in source file program_sequencer_Q12.v
    Info (12023): Found entity 1: program_sequencer_Q12 File: /home/bbs048/engr-ece/CME341/2016_final_exam/program_sequencer_Q12.v Line: 1
Info (12021): Found 1 design units, including 1 entities, in source file Instruction_decoder_Q4.v
    Info (12023): Found entity 1: Instruction_decoder_Q4 File: /home/bbs048/engr-ece/CME341/2016_final_exam/Instruction_decoder_Q4.v Line: 1
Info (12021): Found 1 design units, including 1 entities, in source file program_memory_Q11.v
    Info (12023): Found entity 1: program_memory_Q11 File: /home/bbs048/engr-ece/CME341/2016_final_exam/program_memory_Q11.v Line: 39
Info (12021): Found 1 design units, including 1 entities, in source file data_memory_Q2.v
    Info (12023): Found entity 1: data_memory_Q2 File: /home/bbs048/engr-ece/CME341/2016_final_exam/data_memory_Q2.v Line: 39
Info (12021): Found 1 design units, including 1 entities, in source file program_sequencer_Q6b.v
    Info (12023): Found entity 1: program_sequencer_Q6b File: /home/bbs048/engr-ece/CME341/2016_final_exam/program_sequencer_Q6b.v Line: 1
Info (12021): Found 1 design units, including 1 entities, in source file data_memory_Q1.v
    Info (12023): Found entity 1: data_memory_Q1 File: /home/bbs048/engr-ece/CME341/2016_final_exam/data_memory_Q1.v Line: 39
Info (12021): Found 1 design units, including 1 entities, in source file Instruction_decoder_Q10.v
    Info (12023): Found entity 1: Instruction_decoder_Q10 File: /home/bbs048/engr-ece/CME341/2016_final_exam/Instruction_decoder_Q10.v Line: 1
Info (12021): Found 1 design units, including 1 entities, in source file data_memory_Q5.v
    Info (12023): Found entity 1: data_memory_Q5 File: /home/bbs048/engr-ece/CME341/2016_final_exam/data_memory_Q5.v Line: 39
Info (12021): Found 1 design units, including 1 entities, in source file data_memory_Q10.v
    Info (12023): Found entity 1: data_memory_Q10 File: /home/bbs048/engr-ece/CME341/2016_final_exam/data_memory_Q10.v Line: 39
Info (12021): Found 1 design units, including 1 entities, in source file data_memory_Q9.v
    Info (12023): Found entity 1: data_memory_Q9 File: /home/bbs048/engr-ece/CME341/2016_final_exam/data_memory_Q9.v Line: 39
Info (12021): Found 1 design units, including 1 entities, in source file data_memory_Q11.v
    Info (12023): Found entity 1: data_memory_Q11 File: /home/bbs048/engr-ece/CME341/2016_final_exam/data_memory_Q11.v Line: 39
Info (12021): Found 1 design units, including 1 entities, in source file program_memory_Q6b.v
    Info (12023): Found entity 1: program_memory_Q6b File: /home/bbs048/engr-ece/CME341/2016_final_exam/program_memory_Q6b.v Line: 39
Info (12021): Found 1 design units, including 1 entities, in source file Instruction_decoder_Q14.v
    Info (12023): Found entity 1: Instruction_decoder_Q14 File: /home/bbs048/engr-ece/CME341/2016_final_exam/Instruction_decoder_Q14.v Line: 1
Info (12021): Found 1 design units, including 1 entities, in source file program_memory_Q8.v
    Info (12023): Found entity 1: program_memory_Q8 File: /home/bbs048/engr-ece/CME341/2016_final_exam/program_memory_Q8.v Line: 39
Info (12021): Found 1 design units, including 1 entities, in source file program_memory_Q2.v
    Info (12023): Found entity 1: program_memory_Q2 File: /home/bbs048/engr-ece/CME341/2016_final_exam/program_memory_Q2.v Line: 39
Info (12021): Found 1 design units, including 1 entities, in source file program_sequencer_Q8.v
    Info (12023): Found entity 1: program_sequencer_Q8 File: /home/bbs048/engr-ece/CME341/2016_final_exam/program_sequencer_Q8.v Line: 1
Info (12021): Found 1 design units, including 1 entities, in source file Computational_unit_Q10.v
    Info (12023): Found entity 1: Computational_unit_Q10 File: /home/bbs048/engr-ece/CME341/2016_final_exam/Computational_unit_Q10.v Line: 1
Info (12021): Found 1 design units, including 1 entities, in source file Computational_unit_Q11.v
    Info (12023): Found entity 1: Computational_unit_Q11 File: /home/bbs048/engr-ece/CME341/2016_final_exam/Computational_unit_Q11.v Line: 1
Info (12021): Found 1 design units, including 1 entities, in source file program_sequencer_Q13.v
    Info (12023): Found entity 1: program_sequencer_Q13 File: /home/bbs048/engr-ece/CME341/2016_final_exam/program_sequencer_Q13.v Line: 1
Info (12021): Found 1 design units, including 1 entities, in source file Instruction_decoder_Q6a.v
    Info (12023): Found entity 1: Instruction_decoder_Q6a File: /home/bbs048/engr-ece/CME341/2016_final_exam/Instruction_decoder_Q6a.v Line: 1
Info (12021): Found 1 design units, including 1 entities, in source file Computational_unit_Q6b.v
    Info (12023): Found entity 1: Computational_unit_Q6b File: /home/bbs048/engr-ece/CME341/2016_final_exam/Computational_unit_Q6b.v Line: 1
Info (12021): Found 1 design units, including 1 entities, in source file program_sequencer_Q11.v
    Info (12023): Found entity 1: program_sequencer_Q11 File: /home/bbs048/engr-ece/CME341/2016_final_exam/program_sequencer_Q11.v Line: 1
Info (12021): Found 1 design units, including 1 entities, in source file program_memory_Q9.v
    Info (12023): Found entity 1: program_memory_Q9 File: /home/bbs048/engr-ece/CME341/2016_final_exam/program_memory_Q9.v Line: 39
Info (12021): Found 1 design units, including 1 entities, in source file program_sequencer_Q10.v
    Info (12023): Found entity 1: program_sequencer_Q10 File: /home/bbs048/engr-ece/CME341/2016_final_exam/program_sequencer_Q10.v Line: 1
Info (12021): Found 1 design units, including 1 entities, in source file program_sequencer_Q7.v
    Info (12023): Found entity 1: program_sequencer_Q7 File: /home/bbs048/engr-ece/CME341/2016_final_exam/program_sequencer_Q7.v Line: 1
Info (12021): Found 1 design units, including 1 entities, in source file program_sequencer_Q6a.v
    Info (12023): Found entity 1: program_sequencer_Q6a File: /home/bbs048/engr-ece/CME341/2016_final_exam/program_sequencer_Q6a.v Line: 1
Info (12021): Found 1 design units, including 1 entities, in source file stack.v
    Info (12023): Found entity 1: stack File: /home/bbs048/engr-ece/CME341/2016_final_exam/stack.v Line: 39
Info (12127): Elaborating entity "microprocessor" for the top level hierarchy
Info (12128): Elaborating entity "program_memory_Q13" for hierarchy "program_memory_Q13:prog_mem" File: /home/bbs048/engr-ece/CME341/2016_final_exam/microprocessor.v Line: 79
Info (12128): Elaborating entity "altsyncram" for hierarchy "program_memory_Q13:prog_mem|altsyncram:altsyncram_component" File: /home/bbs048/engr-ece/CME341/2016_final_exam/program_memory_Q13.v Line: 81
Info (12130): Elaborated megafunction instantiation "program_memory_Q13:prog_mem|altsyncram:altsyncram_component" File: /home/bbs048/engr-ece/CME341/2016_final_exam/program_memory_Q13.v Line: 81
Info (12133): Instantiated megafunction "program_memory_Q13:prog_mem|altsyncram:altsyncram_component" with the following parameter: File: /home/bbs048/engr-ece/CME341/2016_final_exam/program_memory_Q13.v Line: 81
    Info (12134): Parameter "address_aclr_a" = "NONE"
    Info (12134): Parameter "clock_enable_input_a" = "BYPASS"
    Info (12134): Parameter "clock_enable_output_a" = "BYPASS"
    Info (12134): Parameter "init_file" = "CME341_2016_final_Q13.hex"
    Info (12134): Parameter "intended_device_family" = "Cyclone IV E"
    Info (12134): Parameter "lpm_hint" = "ENABLE_RUNTIME_MOD=NO"
    Info (12134): Parameter "lpm_type" = "altsyncram"
    Info (12134): Parameter "numwords_a" = "256"
    Info (12134): Parameter "operation_mode" = "ROM"
    Info (12134): Parameter "outdata_aclr_a" = "NONE"
    Info (12134): Parameter "outdata_reg_a" = "UNREGISTERED"
    Info (12134): Parameter "widthad_a" = "8"
    Info (12134): Parameter "width_a" = "8"
    Info (12134): Parameter "width_byteena_a" = "1"
Info (12021): Found 1 design units, including 1 entities, in source file db/altsyncram_gva1.tdf
    Info (12023): Found entity 1: altsyncram_gva1 File: /home/bbs048/engr-ece/CME341/2016_final_exam/db/altsyncram_gva1.tdf Line: 27
Info (12128): Elaborating entity "altsyncram_gva1" for hierarchy "program_memory_Q13:prog_mem|altsyncram:altsyncram_component|altsyncram_gva1:auto_generated" File: /opt/intelFPGA/18.0/quartus/libraries/megafunctions/altsyncram.tdf Line: 791
Info (12128): Elaborating entity "Instruction_decoder_Q13" for hierarchy "Instruction_decoder_Q13:instr_decoder" File: /home/bbs048/engr-ece/CME341/2016_final_exam/microprocessor.v Line: 174
Info (12128): Elaborating entity "program_sequencer_Q13" for hierarchy "program_sequencer_Q13:prog_sequencer" File: /home/bbs048/engr-ece/CME341/2016_final_exam/microprocessor.v Line: 247
Info (12128): Elaborating entity "Computational_unit_Q13" for hierarchy "Computational_unit_Q13:comp_unit" File: /home/bbs048/engr-ece/CME341/2016_final_exam/microprocessor.v Line: 344
Info (12128): Elaborating entity "data_memory_Q13" for hierarchy "data_memory_Q13:data_mem" File: /home/bbs048/engr-ece/CME341/2016_final_exam/microprocessor.v Line: 398
Info (12128): Elaborating entity "altsyncram" for hierarchy "data_memory_Q13:data_mem|altsyncram:altsyncram_component" File: /home/bbs048/engr-ece/CME341/2016_final_exam/data_memory_Q13.v Line: 85
Info (12130): Elaborated megafunction instantiation "data_memory_Q13:data_mem|altsyncram:altsyncram_component" File: /home/bbs048/engr-ece/CME341/2016_final_exam/data_memory_Q13.v Line: 85
Info (12133): Instantiated megafunction "data_memory_Q13:data_mem|altsyncram:altsyncram_component" with the following parameter: File: /home/bbs048/engr-ece/CME341/2016_final_exam/data_memory_Q13.v Line: 85
    Info (12134): Parameter "clock_enable_input_a" = "BYPASS"
    Info (12134): Parameter "clock_enable_output_a" = "BYPASS"
    Info (12134): Parameter "intended_device_family" = "Cyclone IV E"
    Info (12134): Parameter "lpm_hint" = "ENABLE_RUNTIME_MOD=NO"
    Info (12134): Parameter "lpm_type" = "altsyncram"
    Info (12134): Parameter "numwords_a" = "16"
    Info (12134): Parameter "operation_mode" = "SINGLE_PORT"
    Info (12134): Parameter "outdata_aclr_a" = "NONE"
    Info (12134): Parameter "outdata_reg_a" = "UNREGISTERED"
    Info (12134): Parameter "power_up_uninitialized" = "FALSE"
    Info (12134): Parameter "read_during_write_mode_port_a" = "NEW_DATA_WITH_NBE_READ"
    Info (12134): Parameter "widthad_a" = "4"
    Info (12134): Parameter "width_a" = "4"
    Info (12134): Parameter "width_byteena_a" = "1"
Info (12021): Found 1 design units, including 1 entities, in source file db/altsyncram_8ag1.tdf
    Info (12023): Found entity 1: altsyncram_8ag1 File: /home/bbs048/engr-ece/CME341/2016_final_exam/db/altsyncram_8ag1.tdf Line: 27
Info (12128): Elaborating entity "altsyncram_8ag1" for hierarchy "data_memory_Q13:data_mem|altsyncram:altsyncram_component|altsyncram_8ag1:auto_generated" File: /opt/intelFPGA/18.0/quartus/libraries/megafunctions/altsyncram.tdf Line: 791
Info (278001): Inferred 1 megafunctions from design logic
    Info (278003): Inferred multiplier megafunction ("lpm_mult") from the following logic: "Computational_unit_Q13:comp_unit|Mult0" File: /home/bbs048/engr-ece/CME341/2016_final_exam/Computational_unit_Q13.v Line: 122
Info (12130): Elaborated megafunction instantiation "Computational_unit_Q13:comp_unit|lpm_mult:Mult0" File: /home/bbs048/engr-ece/CME341/2016_final_exam/Computational_unit_Q13.v Line: 122
Info (12133): Instantiated megafunction "Computational_unit_Q13:comp_unit|lpm_mult:Mult0" with the following parameter: File: /home/bbs048/engr-ece/CME341/2016_final_exam/Computational_unit_Q13.v Line: 122
    Info (12134): Parameter "LPM_WIDTHA" = "4"
    Info (12134): Parameter "LPM_WIDTHB" = "4"
    Info (12134): Parameter "LPM_WIDTHP" = "8"
    Info (12134): Parameter "LPM_WIDTHR" = "8"
    Info (12134): Parameter "LPM_WIDTHS" = "1"
    Info (12134): Parameter "LPM_REPRESENTATION" = "UNSIGNED"
    Info (12134): Parameter "INPUT_A_IS_CONSTANT" = "NO"
    Info (12134): Parameter "INPUT_B_IS_CONSTANT" = "NO"
    Info (12134): Parameter "MAXIMIZE_SPEED" = "5"
Info (12021): Found 1 design units, including 1 entities, in source file db/mult_j8t.tdf
    Info (12023): Found entity 1: mult_j8t File: /home/bbs048/engr-ece/CME341/2016_final_exam/db/mult_j8t.tdf Line: 28
Warning (14284): Synthesized away the following node(s):
    Warning (14285): Synthesized away the following LCELL buffer node(s):
        Warning (14320): Synthesized away node "Computational_unit_Q13:comp_unit|lpm_mult:Mult0|mult_j8t:auto_generated|le5a[4]" File: /home/bbs048/engr-ece/CME341/2016_final_exam/db/mult_j8t.tdf Line: 42
Info (13014): Ignored 48 buffer(s)
    Info (13016): Ignored 4 CARRY_SUM buffer(s)
    Info (13019): Ignored 44 SOFT buffer(s)
Warning (13024): Output pins are stuck at VCC or GND
    Warning (13410): Pin "from_PS[0]" is stuck at GND File: /home/bbs048/engr-ece/CME341/2016_final_exam/microprocessor.v Line: 11
    Warning (13410): Pin "from_PS[1]" is stuck at GND File: /home/bbs048/engr-ece/CME341/2016_final_exam/microprocessor.v Line: 11
    Warning (13410): Pin "from_PS[2]" is stuck at GND File: /home/bbs048/engr-ece/CME341/2016_final_exam/microprocessor.v Line: 11
    Warning (13410): Pin "from_PS[3]" is stuck at GND File: /home/bbs048/engr-ece/CME341/2016_final_exam/microprocessor.v Line: 11
    Warning (13410): Pin "from_PS[4]" is stuck at GND File: /home/bbs048/engr-ece/CME341/2016_final_exam/microprocessor.v Line: 11
    Warning (13410): Pin "from_PS[5]" is stuck at GND File: /home/bbs048/engr-ece/CME341/2016_final_exam/microprocessor.v Line: 11
    Warning (13410): Pin "from_PS[6]" is stuck at GND File: /home/bbs048/engr-ece/CME341/2016_final_exam/microprocessor.v Line: 11
    Warning (13410): Pin "from_PS[7]" is stuck at GND File: /home/bbs048/engr-ece/CME341/2016_final_exam/microprocessor.v Line: 11
Info (286030): Timing-Driven Synthesis is running
Info (144001): Generated suppressed messages file /home/bbs048/engr-ece/CME341/2016_final_exam/output_files/microprocessor.map.smsg
Info (16010): Generating hard_block partition "hard_block:auto_generated_inst"
    Info (16011): Adding 0 node(s), including 0 DDIO, 0 PLL, 0 transceiver and 0 LCELL
Info (21057): Implemented 351 device resources after synthesis - the final resource count might be different
    Info (21058): Implemented 6 input pins
    Info (21059): Implemented 102 output pins
    Info (21061): Implemented 231 logic cells
    Info (21064): Implemented 12 RAM segments
Info: Quartus Prime Analysis & Synthesis was successful. 0 errors, 13 warnings
    Info: Peak virtual memory: 1121 megabytes
    Info: Processing ended: Wed Dec 19 21:05:29 2018
    Info: Elapsed time: 00:00:16
    Info: Total CPU time (on all processors): 00:00:30


+------------------------------------------+
; Analysis & Synthesis Suppressed Messages ;
+------------------------------------------+
The suppressed messages can be found in /home/bbs048/engr-ece/CME341/2016_final_exam/output_files/microprocessor.map.smsg.


