Analysis & Synthesis report for micro
Wed Dec 12 18:04:36 2018
Quartus Prime Version 18.0.0 Build 614 04/24/2018 SJ Standard Edition


---------------------
; Table of Contents ;
---------------------
  1. Legal Notice
  2. Analysis & Synthesis Summary
  3. Analysis & Synthesis Settings
  4. Parallel Compilation
  5. Analysis & Synthesis Source Files Read
  6. Analysis & Synthesis Resource Usage Summary
  7. Analysis & Synthesis Resource Utilization by Entity
  8. Analysis & Synthesis IP Cores Summary
  9. Registers Removed During Synthesis
 10. Removed Registers Triggering Further Register Optimizations
 11. General Register Statistics
 12. Source assignments for program_memory:prog_mem|altsyncram:altsyncram_component|altsyncram_lnb1:auto_generated
 13. Source assignments for data_memory:data_mem|altsyncram:altsyncram_component|altsyncram_8ag1:auto_generated
 14. Parameter Settings for User Entity Instance: program_memory:prog_mem|altsyncram:altsyncram_component
 15. Parameter Settings for User Entity Instance: data_memory:data_mem|altsyncram:altsyncram_component
 16. altsyncram Parameter Settings by Entity Instance
 17. Port Connectivity Checks: "computational_unit:comp_unit"
 18. Port Connectivity Checks: "instruction_decoder:intr_decoder"
 19. Post-Synthesis Netlist Statistics for Top Partition
 20. Elapsed Time Per Partition
 21. Analysis & Synthesis Messages



----------------
; Legal Notice ;
----------------
Copyright (C) 2018  Intel Corporation. All rights reserved.
Your use of Intel Corporation's design tools, logic functions 
and other software and tools, and its AMPP partner logic 
functions, and any output files from any of the foregoing 
(including device programming or simulation files), and any 
associated documentation or information are expressly subject 
to the terms and conditions of the Intel Program License 
Subscription Agreement, the Intel Quartus Prime License Agreement,
the Intel FPGA IP License Agreement, or other applicable license
agreement, including, without limitation, that your use is for
the sole purpose of programming logic devices manufactured by
Intel and sold by Intel or its authorized distributors.  Please
refer to the applicable agreement for further details.



+--------------------------------------------------------------------------------------+
; Analysis & Synthesis Summary                                                         ;
+------------------------------------+-------------------------------------------------+
; Analysis & Synthesis Status        ; Successful - Wed Dec 12 18:04:36 2018           ;
; Quartus Prime Version              ; 18.0.0 Build 614 04/24/2018 SJ Standard Edition ;
; Revision Name                      ; micro                                           ;
; Top-level Entity Name              ; micro                                           ;
; Family                             ; Cyclone IV E                                    ;
; Total logic elements               ; 0                                               ;
;     Total combinational functions  ; 0                                               ;
;     Dedicated logic registers      ; 0                                               ;
; Total registers                    ; 0                                               ;
; Total pins                         ; 10                                              ;
; Total virtual pins                 ; 0                                               ;
; Total memory bits                  ; 0                                               ;
; Embedded Multiplier 9-bit elements ; 0                                               ;
; Total PLLs                         ; 0                                               ;
+------------------------------------+-------------------------------------------------+


+------------------------------------------------------------------------------------------------------------+
; Analysis & Synthesis Settings                                                                              ;
+------------------------------------------------------------------+--------------------+--------------------+
; Option                                                           ; Setting            ; Default Value      ;
+------------------------------------------------------------------+--------------------+--------------------+
; Device                                                           ; EP4CE115F29C7      ;                    ;
; Top-level entity name                                            ; micro              ; micro              ;
; Family name                                                      ; Cyclone IV E       ; Cyclone V          ;
; Use smart compilation                                            ; Off                ; Off                ;
; Enable parallel Assembler and Timing Analyzer during compilation ; On                 ; On                 ;
; Enable compact report table                                      ; Off                ; Off                ;
; Restructure Multiplexers                                         ; Auto               ; Auto               ;
; Create Debugging Nodes for IP Cores                              ; Off                ; Off                ;
; Preserve fewer node names                                        ; On                 ; On                 ;
; Intel FPGA IP Evaluation Mode                                    ; Enable             ; Enable             ;
; Verilog Version                                                  ; Verilog_2001       ; Verilog_2001       ;
; VHDL Version                                                     ; VHDL_1993          ; VHDL_1993          ;
; State Machine Processing                                         ; Auto               ; Auto               ;
; Safe State Machine                                               ; Off                ; Off                ;
; Extract Verilog State Machines                                   ; On                 ; On                 ;
; Extract VHDL State Machines                                      ; On                 ; On                 ;
; Ignore Verilog initial constructs                                ; Off                ; Off                ;
; Iteration limit for constant Verilog loops                       ; 5000               ; 5000               ;
; Iteration limit for non-constant Verilog loops                   ; 250                ; 250                ;
; Add Pass-Through Logic to Inferred RAMs                          ; On                 ; On                 ;
; Infer RAMs from Raw Logic                                        ; On                 ; On                 ;
; Parallel Synthesis                                               ; On                 ; On                 ;
; DSP Block Balancing                                              ; Auto               ; Auto               ;
; NOT Gate Push-Back                                               ; On                 ; On                 ;
; Power-Up Don't Care                                              ; On                 ; On                 ;
; Remove Redundant Logic Cells                                     ; Off                ; Off                ;
; Remove Duplicate Registers                                       ; On                 ; On                 ;
; Ignore CARRY Buffers                                             ; Off                ; Off                ;
; Ignore CASCADE Buffers                                           ; Off                ; Off                ;
; Ignore GLOBAL Buffers                                            ; Off                ; Off                ;
; Ignore ROW GLOBAL Buffers                                        ; Off                ; Off                ;
; Ignore LCELL Buffers                                             ; Off                ; Off                ;
; Ignore SOFT Buffers                                              ; On                 ; On                 ;
; Limit AHDL Integers to 32 Bits                                   ; Off                ; Off                ;
; Optimization Technique                                           ; Balanced           ; Balanced           ;
; Carry Chain Length                                               ; 70                 ; 70                 ;
; Auto Carry Chains                                                ; On                 ; On                 ;
; Auto Open-Drain Pins                                             ; On                 ; On                 ;
; Perform WYSIWYG Primitive Resynthesis                            ; Off                ; Off                ;
; Auto ROM Replacement                                             ; On                 ; On                 ;
; Auto RAM Replacement                                             ; On                 ; On                 ;
; Auto DSP Block Replacement                                       ; On                 ; On                 ;
; Auto Shift Register Replacement                                  ; Auto               ; Auto               ;
; Allow Shift Register Merging across Hierarchies                  ; Auto               ; Auto               ;
; Auto Clock Enable Replacement                                    ; On                 ; On                 ;
; Strict RAM Replacement                                           ; Off                ; Off                ;
; Allow Synchronous Control Signals                                ; On                 ; On                 ;
; Force Use of Synchronous Clear Signals                           ; Off                ; Off                ;
; Auto RAM Block Balancing                                         ; On                 ; On                 ;
; Auto RAM to Logic Cell Conversion                                ; Off                ; Off                ;
; Auto Resource Sharing                                            ; Off                ; Off                ;
; Allow Any RAM Size For Recognition                               ; Off                ; Off                ;
; Allow Any ROM Size For Recognition                               ; Off                ; Off                ;
; Allow Any Shift Register Size For Recognition                    ; Off                ; Off                ;
; Use LogicLock Constraints during Resource Balancing              ; On                 ; On                 ;
; Ignore translate_off and synthesis_off directives                ; Off                ; Off                ;
; Timing-Driven Synthesis                                          ; On                 ; On                 ;
; Report Parameter Settings                                        ; On                 ; On                 ;
; Report Source Assignments                                        ; On                 ; On                 ;
; Report Connectivity Checks                                       ; On                 ; On                 ;
; Ignore Maximum Fan-Out Assignments                               ; Off                ; Off                ;
; Synchronization Register Chain Length                            ; 2                  ; 2                  ;
; Power Optimization During Synthesis                              ; Normal compilation ; Normal compilation ;
; HDL message level                                                ; Level2             ; Level2             ;
; Suppress Register Optimization Related Messages                  ; Off                ; Off                ;
; Number of Removed Registers Reported in Synthesis Report         ; 5000               ; 5000               ;
; Number of Swept Nodes Reported in Synthesis Report               ; 5000               ; 5000               ;
; Number of Inverted Registers Reported in Synthesis Report        ; 100                ; 100                ;
; Clock MUX Protection                                             ; On                 ; On                 ;
; Auto Gated Clock Conversion                                      ; Off                ; Off                ;
; Block Design Naming                                              ; Auto               ; Auto               ;
; SDC constraint protection                                        ; Off                ; Off                ;
; Synthesis Effort                                                 ; Auto               ; Auto               ;
; Shift Register Replacement - Allow Asynchronous Clear Signal     ; On                 ; On                 ;
; Pre-Mapping Resynthesis Optimization                             ; Off                ; Off                ;
; Analysis & Synthesis Message Level                               ; Medium             ; Medium             ;
; Disable Register Merging Across Hierarchies                      ; Auto               ; Auto               ;
; Resource Aware Inference For Block RAM                           ; On                 ; On                 ;
+------------------------------------------------------------------+--------------------+--------------------+


+------------------------------------------+
; Parallel Compilation                     ;
+----------------------------+-------------+
; Processors                 ; Number      ;
+----------------------------+-------------+
; Number detected on machine ; 4           ;
; Maximum allowed            ; 2           ;
;                            ;             ;
; Average used               ; 1.00        ;
; Maximum used               ; 1           ;
;                            ;             ;
; Usage by Processor         ; % Time Used ;
;     Processor 1            ; 100.0%      ;
+----------------------------+-------------+


+-----------------------------------------------------------------------------------------------------------------------------------------------------------------------------------+
; Analysis & Synthesis Source Files Read                                                                                                                                            ;
+----------------------------------+-----------------+----------------------------------------+---------------------------------------------------------------------------+---------+
; File Name with User-Entered Path ; Used in Netlist ; File Type                              ; File Name with Absolute Path                                              ; Library ;
+----------------------------------+-----------------+----------------------------------------+---------------------------------------------------------------------------+---------+
; micro.v                          ; yes             ; User Verilog HDL File                  ; /home/tck290/engr-ece/CME341/micro/micro.v                                ;         ;
; program_sequencer.v              ; yes             ; User Verilog HDL File                  ; /home/tck290/engr-ece/CME341/micro/program_sequencer.v                    ;         ;
; instruction_decoder.v            ; yes             ; User Verilog HDL File                  ; /home/tck290/engr-ece/CME341/micro/instruction_decoder.v                  ;         ;
; program_memory.v                 ; yes             ; User Wizard-Generated File             ; /home/tck290/engr-ece/CME341/micro/program_memory.v                       ;         ;
; computational_unit.v             ; yes             ; User Verilog HDL File                  ; /home/tck290/engr-ece/CME341/micro/computational_unit.v                   ;         ;
; data_memory.v                    ; yes             ; User Wizard-Generated File             ; /home/tck290/engr-ece/CME341/micro/data_memory.v                          ;         ;
; altsyncram.tdf                   ; yes             ; Megafunction                           ; /opt/intelFPGA/18.0/quartus/libraries/megafunctions/altsyncram.tdf        ;         ;
; stratix_ram_block.inc            ; yes             ; Megafunction                           ; /opt/intelFPGA/18.0/quartus/libraries/megafunctions/stratix_ram_block.inc ;         ;
; lpm_mux.inc                      ; yes             ; Megafunction                           ; /opt/intelFPGA/18.0/quartus/libraries/megafunctions/lpm_mux.inc           ;         ;
; lpm_decode.inc                   ; yes             ; Megafunction                           ; /opt/intelFPGA/18.0/quartus/libraries/megafunctions/lpm_decode.inc        ;         ;
; aglobal180.inc                   ; yes             ; Megafunction                           ; /opt/intelFPGA/18.0/quartus/libraries/megafunctions/aglobal180.inc        ;         ;
; a_rdenreg.inc                    ; yes             ; Megafunction                           ; /opt/intelFPGA/18.0/quartus/libraries/megafunctions/a_rdenreg.inc         ;         ;
; altrom.inc                       ; yes             ; Megafunction                           ; /opt/intelFPGA/18.0/quartus/libraries/megafunctions/altrom.inc            ;         ;
; altram.inc                       ; yes             ; Megafunction                           ; /opt/intelFPGA/18.0/quartus/libraries/megafunctions/altram.inc            ;         ;
; altdpram.inc                     ; yes             ; Megafunction                           ; /opt/intelFPGA/18.0/quartus/libraries/megafunctions/altdpram.inc          ;         ;
; db/altsyncram_lnb1.tdf           ; yes             ; Auto-Generated Megafunction            ; /home/tck290/engr-ece/CME341/micro/db/altsyncram_lnb1.tdf                 ;         ;
; program_memory_preamble.hex      ; yes             ; Auto-Found Memory Initialization File  ; /home/tck290/engr-ece/CME341/micro/program_memory_preamble.hex            ;         ;
; db/altsyncram_8ag1.tdf           ; yes             ; Auto-Generated Megafunction            ; /home/tck290/engr-ece/CME341/micro/db/altsyncram_8ag1.tdf                 ;         ;
+----------------------------------+-----------------+----------------------------------------+---------------------------------------------------------------------------+---------+


+-----------------------------------------------------+
; Analysis & Synthesis Resource Usage Summary         ;
+---------------------------------------------+-------+
; Resource                                    ; Usage ;
+---------------------------------------------+-------+
;                                             ;       ;
; Total combinational functions               ; 0     ;
; Logic element usage by number of LUT inputs ;       ;
;     -- 4 input functions                    ; 0     ;
;     -- 3 input functions                    ; 0     ;
;     -- <=2 input functions                  ; 0     ;
;                                             ;       ;
; Logic elements by mode                      ;       ;
;     -- normal mode                          ; 0     ;
;     -- arithmetic mode                      ; 0     ;
;                                             ;       ;
; Total registers                             ; 0     ;
;     -- Dedicated logic registers            ; 0     ;
;     -- I/O registers                        ; 0     ;
;                                             ;       ;
; I/O pins                                    ; 10    ;
;                                             ;       ;
; Embedded Multiplier 9-bit elements          ; 0     ;
;                                             ;       ;
; Maximum fan-out node                        ; clk   ;
; Maximum fan-out                             ; 1     ;
; Total fan-out                               ; 10    ;
; Average fan-out                             ; 0.50  ;
+---------------------------------------------+-------+


+----------------------------------------------------------------------------------------------------------------------------------------------------------------------------------------------------------+
; Analysis & Synthesis Resource Utilization by Entity                                                                                                                                                      ;
+----------------------------+---------------------+---------------------------+-------------+--------------+---------+-----------+------+--------------+---------------------+-------------+--------------+
; Compilation Hierarchy Node ; Combinational ALUTs ; Dedicated Logic Registers ; Memory Bits ; DSP Elements ; DSP 9x9 ; DSP 18x18 ; Pins ; Virtual Pins ; Full Hierarchy Name ; Entity Name ; Library Name ;
+----------------------------+---------------------+---------------------------+-------------+--------------+---------+-----------+------+--------------+---------------------+-------------+--------------+
; |micro                     ; 0 (0)               ; 0 (0)                     ; 0           ; 0            ; 0       ; 0         ; 10   ; 0            ; |micro              ; micro       ; work         ;
+----------------------------+---------------------+---------------------------+-------------+--------------+---------+-----------+------+--------------+---------------------+-------------+--------------+
Note: For table entries with two numbers listed, the numbers in parentheses indicate the number of resources of the given type used by the specific entity alone. The numbers listed outside of parentheses indicate the total resources of the given type used by the specific entity and all of its sub-entities in the hierarchy.


+-------------------------------------------------------------------------------------------------------------------+
; Analysis & Synthesis IP Cores Summary                                                                             ;
+--------+--------------+---------+--------------+--------------+--------------------------------+------------------+
; Vendor ; IP Core Name ; Version ; Release Date ; License Type ; Entity Instance                ; IP Include File  ;
+--------+--------------+---------+--------------+--------------+--------------------------------+------------------+
; Altera ; RAM: 1-PORT  ; 18.0    ; N/A          ; N/A          ; |micro|data_memory:data_mem    ; data_memory.v    ;
; Altera ; ROM: 1-PORT  ; 18.0    ; N/A          ; N/A          ; |micro|program_memory:prog_mem ; program_memory.v ;
+--------+--------------+---------+--------------+--------------+--------------------------------+------------------+


+-----------------------------------------------------------------------------------------+
; Registers Removed During Synthesis                                                      ;
+-------------------------------------------+---------------------------------------------+
; Register name                             ; Reason for Removal                          ;
+-------------------------------------------+---------------------------------------------+
; computational_unit:comp_unit|m[3]         ; Stuck at GND due to stuck port clock_enable ;
; computational_unit:comp_unit|x0[0]        ; Stuck at GND due to stuck port clock_enable ;
; computational_unit:comp_unit|x1[0]        ; Stuck at GND due to stuck port clock_enable ;
; computational_unit:comp_unit|m[2]         ; Stuck at GND due to stuck port clock_enable ;
; computational_unit:comp_unit|y0[0]        ; Stuck at GND due to stuck port clock_enable ;
; computational_unit:comp_unit|y1[0]        ; Stuck at GND due to stuck port clock_enable ;
; computational_unit:comp_unit|m[0]         ; Stuck at GND due to stuck port clock_enable ;
; computational_unit:comp_unit|i[0]         ; Stuck at GND due to stuck port clock_enable ;
; computational_unit:comp_unit|m[1]         ; Stuck at GND due to stuck port clock_enable ;
; computational_unit:comp_unit|i[1..3]      ; Stuck at GND due to stuck port clock_enable ;
; computational_unit:comp_unit|o_reg[0..3]  ; Stuck at GND due to stuck port clock_enable ;
; computational_unit:comp_unit|y1[1..3]     ; Stuck at GND due to stuck port clock_enable ;
; computational_unit:comp_unit|y0[1..3]     ; Stuck at GND due to stuck port clock_enable ;
; computational_unit:comp_unit|x1[1..3]     ; Stuck at GND due to stuck port clock_enable ;
; computational_unit:comp_unit|x0[1..3]     ; Stuck at GND due to stuck port clock_enable ;
; sync_reset                                ; Lost fanout                                 ;
; computational_unit:comp_unit|r[1..3]      ; Lost fanout                                 ;
; computational_unit:comp_unit|r_eq_0       ; Lost fanout                                 ;
; computational_unit:comp_unit|r[0]         ; Lost fanout                                 ;
; program_sequencer:prog_sequencer|PC[0..7] ; Lost fanout                                 ;
; instruction_decoder:intr_decoder|ir[0..7] ; Lost fanout                                 ;
; Total Number of Removed Registers = 50    ;                                             ;
+-------------------------------------------+---------------------------------------------+


+-----------------------------------------------------------------------------------------------------------------------------------------------------------+
; Removed Registers Triggering Further Register Optimizations                                                                                               ;
+------------------------------------+--------------------------------+-------------------------------------------------------------------------------------+
; Register name                      ; Reason for Removal             ; Registers Removed due to This Register                                              ;
+------------------------------------+--------------------------------+-------------------------------------------------------------------------------------+
; computational_unit:comp_unit|m[3]  ; Stuck at GND                   ; computational_unit:comp_unit|i[0], computational_unit:comp_unit|i[3],               ;
;                                    ; due to stuck port clock_enable ; computational_unit:comp_unit|i[2], computational_unit:comp_unit|i[1],               ;
;                                    ;                                ; computational_unit:comp_unit|o_reg[3], computational_unit:comp_unit|o_reg[0],       ;
;                                    ;                                ; computational_unit:comp_unit|o_reg[1], computational_unit:comp_unit|o_reg[2],       ;
;                                    ;                                ; computational_unit:comp_unit|y1[1], computational_unit:comp_unit|y1[2],             ;
;                                    ;                                ; computational_unit:comp_unit|y1[3], computational_unit:comp_unit|y0[1],             ;
;                                    ;                                ; computational_unit:comp_unit|y0[2], computational_unit:comp_unit|y0[3],             ;
;                                    ;                                ; computational_unit:comp_unit|x1[1], computational_unit:comp_unit|x1[2],             ;
;                                    ;                                ; computational_unit:comp_unit|x1[3], computational_unit:comp_unit|x0[1],             ;
;                                    ;                                ; computational_unit:comp_unit|x0[2], computational_unit:comp_unit|x0[3], sync_reset, ;
;                                    ;                                ; instruction_decoder:intr_decoder|ir[7], instruction_decoder:intr_decoder|ir[6],     ;
;                                    ;                                ; instruction_decoder:intr_decoder|ir[5]                                              ;
; computational_unit:comp_unit|x0[0] ; Stuck at GND                   ; computational_unit:comp_unit|r[2], computational_unit:comp_unit|r[1],               ;
;                                    ; due to stuck port clock_enable ; instruction_decoder:intr_decoder|ir[4], instruction_decoder:intr_decoder|ir[2],     ;
;                                    ;                                ; instruction_decoder:intr_decoder|ir[1], instruction_decoder:intr_decoder|ir[0]      ;
; computational_unit:comp_unit|y0[0] ; Stuck at GND                   ; instruction_decoder:intr_decoder|ir[3]                                              ;
;                                    ; due to stuck port clock_enable ;                                                                                     ;
+------------------------------------+--------------------------------+-------------------------------------------------------------------------------------+


+------------------------------------------------------+
; General Register Statistics                          ;
+----------------------------------------------+-------+
; Statistic                                    ; Value ;
+----------------------------------------------+-------+
; Total registers                              ; 0     ;
; Number of registers using Synchronous Clear  ; 0     ;
; Number of registers using Synchronous Load   ; 0     ;
; Number of registers using Asynchronous Clear ; 0     ;
; Number of registers using Asynchronous Load  ; 0     ;
; Number of registers using Clock Enable       ; 0     ;
; Number of registers using Preset             ; 0     ;
+----------------------------------------------+-------+


+---------------------------------------------------------------------------------------------------------------+
; Source assignments for program_memory:prog_mem|altsyncram:altsyncram_component|altsyncram_lnb1:auto_generated ;
+---------------------------------+--------------------+------+-------------------------------------------------+
; Assignment                      ; Value              ; From ; To                                              ;
+---------------------------------+--------------------+------+-------------------------------------------------+
; OPTIMIZE_POWER_DURING_SYNTHESIS ; NORMAL_COMPILATION ; -    ; -                                               ;
+---------------------------------+--------------------+------+-------------------------------------------------+


+------------------------------------------------------------------------------------------------------------+
; Source assignments for data_memory:data_mem|altsyncram:altsyncram_component|altsyncram_8ag1:auto_generated ;
+---------------------------------+--------------------+------+----------------------------------------------+
; Assignment                      ; Value              ; From ; To                                           ;
+---------------------------------+--------------------+------+----------------------------------------------+
; OPTIMIZE_POWER_DURING_SYNTHESIS ; NORMAL_COMPILATION ; -    ; -                                            ;
+---------------------------------+--------------------+------+----------------------------------------------+


+------------------------------------------------------------------------------------------------------+
; Parameter Settings for User Entity Instance: program_memory:prog_mem|altsyncram:altsyncram_component ;
+------------------------------------+-----------------------------+-----------------------------------+
; Parameter Name                     ; Value                       ; Type                              ;
+------------------------------------+-----------------------------+-----------------------------------+
; BYTE_SIZE_BLOCK                    ; 8                           ; Untyped                           ;
; AUTO_CARRY_CHAINS                  ; ON                          ; AUTO_CARRY                        ;
; IGNORE_CARRY_BUFFERS               ; OFF                         ; IGNORE_CARRY                      ;
; AUTO_CASCADE_CHAINS                ; ON                          ; AUTO_CASCADE                      ;
; IGNORE_CASCADE_BUFFERS             ; OFF                         ; IGNORE_CASCADE                    ;
; WIDTH_BYTEENA                      ; 1                           ; Untyped                           ;
; OPERATION_MODE                     ; ROM                         ; Untyped                           ;
; WIDTH_A                            ; 8                           ; Signed Integer                    ;
; WIDTHAD_A                          ; 8                           ; Signed Integer                    ;
; NUMWORDS_A                         ; 256                         ; Signed Integer                    ;
; OUTDATA_REG_A                      ; UNREGISTERED                ; Untyped                           ;
; ADDRESS_ACLR_A                     ; NONE                        ; Untyped                           ;
; OUTDATA_ACLR_A                     ; NONE                        ; Untyped                           ;
; WRCONTROL_ACLR_A                   ; NONE                        ; Untyped                           ;
; INDATA_ACLR_A                      ; NONE                        ; Untyped                           ;
; BYTEENA_ACLR_A                     ; NONE                        ; Untyped                           ;
; WIDTH_B                            ; 1                           ; Untyped                           ;
; WIDTHAD_B                          ; 1                           ; Untyped                           ;
; NUMWORDS_B                         ; 1                           ; Untyped                           ;
; INDATA_REG_B                       ; CLOCK1                      ; Untyped                           ;
; WRCONTROL_WRADDRESS_REG_B          ; CLOCK1                      ; Untyped                           ;
; RDCONTROL_REG_B                    ; CLOCK1                      ; Untyped                           ;
; ADDRESS_REG_B                      ; CLOCK1                      ; Untyped                           ;
; OUTDATA_REG_B                      ; UNREGISTERED                ; Untyped                           ;
; BYTEENA_REG_B                      ; CLOCK1                      ; Untyped                           ;
; INDATA_ACLR_B                      ; NONE                        ; Untyped                           ;
; WRCONTROL_ACLR_B                   ; NONE                        ; Untyped                           ;
; ADDRESS_ACLR_B                     ; NONE                        ; Untyped                           ;
; OUTDATA_ACLR_B                     ; NONE                        ; Untyped                           ;
; RDCONTROL_ACLR_B                   ; NONE                        ; Untyped                           ;
; BYTEENA_ACLR_B                     ; NONE                        ; Untyped                           ;
; WIDTH_BYTEENA_A                    ; 1                           ; Signed Integer                    ;
; WIDTH_BYTEENA_B                    ; 1                           ; Untyped                           ;
; RAM_BLOCK_TYPE                     ; AUTO                        ; Untyped                           ;
; BYTE_SIZE                          ; 8                           ; Untyped                           ;
; READ_DURING_WRITE_MODE_MIXED_PORTS ; DONT_CARE                   ; Untyped                           ;
; READ_DURING_WRITE_MODE_PORT_A      ; NEW_DATA_NO_NBE_READ        ; Untyped                           ;
; READ_DURING_WRITE_MODE_PORT_B      ; NEW_DATA_NO_NBE_READ        ; Untyped                           ;
; INIT_FILE                          ; program_memory_preamble.hex ; Untyped                           ;
; INIT_FILE_LAYOUT                   ; PORT_A                      ; Untyped                           ;
; MAXIMUM_DEPTH                      ; 0                           ; Untyped                           ;
; CLOCK_ENABLE_INPUT_A               ; BYPASS                      ; Untyped                           ;
; CLOCK_ENABLE_INPUT_B               ; NORMAL                      ; Untyped                           ;
; CLOCK_ENABLE_OUTPUT_A              ; BYPASS                      ; Untyped                           ;
; CLOCK_ENABLE_OUTPUT_B              ; NORMAL                      ; Untyped                           ;
; CLOCK_ENABLE_CORE_A                ; USE_INPUT_CLKEN             ; Untyped                           ;
; CLOCK_ENABLE_CORE_B                ; USE_INPUT_CLKEN             ; Untyped                           ;
; ENABLE_ECC                         ; FALSE                       ; Untyped                           ;
; ECC_PIPELINE_STAGE_ENABLED         ; FALSE                       ; Untyped                           ;
; WIDTH_ECCSTATUS                    ; 3                           ; Untyped                           ;
; DEVICE_FAMILY                      ; Cyclone IV E                ; Untyped                           ;
; CBXI_PARAMETER                     ; altsyncram_lnb1             ; Untyped                           ;
+------------------------------------+-----------------------------+-----------------------------------+
Note: In order to hide this table in the UI and the text report file, please set the "Show Parameter Settings in Synthesis Report" option in "Analysis and Synthesis Settings -> More Settings" to "Off".


+---------------------------------------------------------------------------------------------------+
; Parameter Settings for User Entity Instance: data_memory:data_mem|altsyncram:altsyncram_component ;
+------------------------------------+------------------------+-------------------------------------+
; Parameter Name                     ; Value                  ; Type                                ;
+------------------------------------+------------------------+-------------------------------------+
; BYTE_SIZE_BLOCK                    ; 8                      ; Untyped                             ;
; AUTO_CARRY_CHAINS                  ; ON                     ; AUTO_CARRY                          ;
; IGNORE_CARRY_BUFFERS               ; OFF                    ; IGNORE_CARRY                        ;
; AUTO_CASCADE_CHAINS                ; ON                     ; AUTO_CASCADE                        ;
; IGNORE_CASCADE_BUFFERS             ; OFF                    ; IGNORE_CASCADE                      ;
; WIDTH_BYTEENA                      ; 1                      ; Untyped                             ;
; OPERATION_MODE                     ; SINGLE_PORT            ; Untyped                             ;
; WIDTH_A                            ; 4                      ; Signed Integer                      ;
; WIDTHAD_A                          ; 4                      ; Signed Integer                      ;
; NUMWORDS_A                         ; 16                     ; Signed Integer                      ;
; OUTDATA_REG_A                      ; UNREGISTERED           ; Untyped                             ;
; ADDRESS_ACLR_A                     ; NONE                   ; Untyped                             ;
; OUTDATA_ACLR_A                     ; NONE                   ; Untyped                             ;
; WRCONTROL_ACLR_A                   ; NONE                   ; Untyped                             ;
; INDATA_ACLR_A                      ; NONE                   ; Untyped                             ;
; BYTEENA_ACLR_A                     ; NONE                   ; Untyped                             ;
; WIDTH_B                            ; 1                      ; Untyped                             ;
; WIDTHAD_B                          ; 1                      ; Untyped                             ;
; NUMWORDS_B                         ; 1                      ; Untyped                             ;
; INDATA_REG_B                       ; CLOCK1                 ; Untyped                             ;
; WRCONTROL_WRADDRESS_REG_B          ; CLOCK1                 ; Untyped                             ;
; RDCONTROL_REG_B                    ; CLOCK1                 ; Untyped                             ;
; ADDRESS_REG_B                      ; CLOCK1                 ; Untyped                             ;
; OUTDATA_REG_B                      ; UNREGISTERED           ; Untyped                             ;
; BYTEENA_REG_B                      ; CLOCK1                 ; Untyped                             ;
; INDATA_ACLR_B                      ; NONE                   ; Untyped                             ;
; WRCONTROL_ACLR_B                   ; NONE                   ; Untyped                             ;
; ADDRESS_ACLR_B                     ; NONE                   ; Untyped                             ;
; OUTDATA_ACLR_B                     ; NONE                   ; Untyped                             ;
; RDCONTROL_ACLR_B                   ; NONE                   ; Untyped                             ;
; BYTEENA_ACLR_B                     ; NONE                   ; Untyped                             ;
; WIDTH_BYTEENA_A                    ; 1                      ; Signed Integer                      ;
; WIDTH_BYTEENA_B                    ; 1                      ; Untyped                             ;
; RAM_BLOCK_TYPE                     ; AUTO                   ; Untyped                             ;
; BYTE_SIZE                          ; 8                      ; Untyped                             ;
; READ_DURING_WRITE_MODE_MIXED_PORTS ; DONT_CARE              ; Untyped                             ;
; READ_DURING_WRITE_MODE_PORT_A      ; NEW_DATA_WITH_NBE_READ ; Untyped                             ;
; READ_DURING_WRITE_MODE_PORT_B      ; NEW_DATA_NO_NBE_READ   ; Untyped                             ;
; INIT_FILE                          ; UNUSED                 ; Untyped                             ;
; INIT_FILE_LAYOUT                   ; PORT_A                 ; Untyped                             ;
; MAXIMUM_DEPTH                      ; 0                      ; Untyped                             ;
; CLOCK_ENABLE_INPUT_A               ; BYPASS                 ; Untyped                             ;
; CLOCK_ENABLE_INPUT_B               ; NORMAL                 ; Untyped                             ;
; CLOCK_ENABLE_OUTPUT_A              ; BYPASS                 ; Untyped                             ;
; CLOCK_ENABLE_OUTPUT_B              ; NORMAL                 ; Untyped                             ;
; CLOCK_ENABLE_CORE_A                ; USE_INPUT_CLKEN        ; Untyped                             ;
; CLOCK_ENABLE_CORE_B                ; USE_INPUT_CLKEN        ; Untyped                             ;
; ENABLE_ECC                         ; FALSE                  ; Untyped                             ;
; ECC_PIPELINE_STAGE_ENABLED         ; FALSE                  ; Untyped                             ;
; WIDTH_ECCSTATUS                    ; 3                      ; Untyped                             ;
; DEVICE_FAMILY                      ; Cyclone IV E           ; Untyped                             ;
; CBXI_PARAMETER                     ; altsyncram_8ag1        ; Untyped                             ;
+------------------------------------+------------------------+-------------------------------------+
Note: In order to hide this table in the UI and the text report file, please set the "Show Parameter Settings in Synthesis Report" option in "Analysis and Synthesis Settings -> More Settings" to "Off".


+-----------------------------------------------------------------------------------------------------+
; altsyncram Parameter Settings by Entity Instance                                                    ;
+-------------------------------------------+---------------------------------------------------------+
; Name                                      ; Value                                                   ;
+-------------------------------------------+---------------------------------------------------------+
; Number of entity instances                ; 2                                                       ;
; Entity Instance                           ; program_memory:prog_mem|altsyncram:altsyncram_component ;
;     -- OPERATION_MODE                     ; ROM                                                     ;
;     -- WIDTH_A                            ; 8                                                       ;
;     -- NUMWORDS_A                         ; 256                                                     ;
;     -- OUTDATA_REG_A                      ; UNREGISTERED                                            ;
;     -- WIDTH_B                            ; 1                                                       ;
;     -- NUMWORDS_B                         ; 1                                                       ;
;     -- ADDRESS_REG_B                      ; CLOCK1                                                  ;
;     -- OUTDATA_REG_B                      ; UNREGISTERED                                            ;
;     -- RAM_BLOCK_TYPE                     ; AUTO                                                    ;
;     -- READ_DURING_WRITE_MODE_MIXED_PORTS ; DONT_CARE                                               ;
; Entity Instance                           ; data_memory:data_mem|altsyncram:altsyncram_component    ;
;     -- OPERATION_MODE                     ; SINGLE_PORT                                             ;
;     -- WIDTH_A                            ; 4                                                       ;
;     -- NUMWORDS_A                         ; 16                                                      ;
;     -- OUTDATA_REG_A                      ; UNREGISTERED                                            ;
;     -- WIDTH_B                            ; 1                                                       ;
;     -- NUMWORDS_B                         ; 1                                                       ;
;     -- ADDRESS_REG_B                      ; CLOCK1                                                  ;
;     -- OUTDATA_REG_B                      ; UNREGISTERED                                            ;
;     -- RAM_BLOCK_TYPE                     ; AUTO                                                    ;
;     -- READ_DURING_WRITE_MODE_MIXED_PORTS ; DONT_CARE                                               ;
+-------------------------------------------+---------------------------------------------------------+


+----------------------------------------------------------------------------------------------------------------------------------------------------------------------------+
; Port Connectivity Checks: "computational_unit:comp_unit"                                                                                                                   ;
+--------+-------+----------+------------------------------------------------------------------------------------------------------------------------------------------------+
; Port   ; Type  ; Severity ; Details                                                                                                                                        ;
+--------+-------+----------+------------------------------------------------------------------------------------------------------------------------------------------------+
; reg_en ; Input ; Warning  ; Input port expression (1 bits) is smaller than the input port (9 bits) it drives.  Extra input bit(s) "reg_en[8..1]" will be connected to GND. ;
+--------+-------+----------+------------------------------------------------------------------------------------------------------------------------------------------------+


+------------------------------------------------------------------------------------------------------------------------+
; Port Connectivity Checks: "instruction_decoder:intr_decoder"                                                           ;
+--------------+--------+----------+-------------------------------------------------------------------------------------+
; Port         ; Type   ; Severity ; Details                                                                             ;
+--------------+--------+----------+-------------------------------------------------------------------------------------+
; reg_en[6..0] ; Output ; Info     ; Connected to dangling logic. Logic that only feeds a dangling port will be removed. ;
; reg_en[8]    ; Output ; Info     ; Connected to dangling logic. Logic that only feeds a dangling port will be removed. ;
+--------------+--------+----------+-------------------------------------------------------------------------------------+


+-----------------------------------------------------+
; Post-Synthesis Netlist Statistics for Top Partition ;
+-----------------------+-----------------------------+
; Type                  ; Count                       ;
+-----------------------+-----------------------------+
; boundary_port         ; 10                          ;
; cycloneiii_lcell_comb ; 1                           ;
;     normal            ; 1                           ;
;         0 data inputs ; 1                           ;
;                       ;                             ;
; Max LUT depth         ; 0.00                        ;
; Average LUT depth     ; 0.00                        ;
+-----------------------+-----------------------------+


+-------------------------------+
; Elapsed Time Per Partition    ;
+----------------+--------------+
; Partition Name ; Elapsed Time ;
+----------------+--------------+
; Top            ; 00:00:00     ;
+----------------+--------------+


+-------------------------------+
; Analysis & Synthesis Messages ;
+-------------------------------+
Info: *******************************************************************
Info: Running Quartus Prime Analysis & Synthesis
    Info: Version 18.0.0 Build 614 04/24/2018 SJ Standard Edition
    Info: Processing started: Wed Dec 12 18:04:24 2018
Info: Command: quartus_map --read_settings_files=on --write_settings_files=off micro -c micro
Warning (18236): Number of processors has not been specified which may cause overloading on shared machines.  Set the global assignment NUM_PARALLEL_PROCESSORS in your QSF to an appropriate value for best performance.
Info (20030): Parallel compilation is enabled and will use 2 of the 2 processors detected
Info (12021): Found 1 design units, including 1 entities, in source file micro.v
    Info (12023): Found entity 1: micro File: /home/tck290/engr-ece/CME341/micro/micro.v Line: 1
Info (12021): Found 1 design units, including 1 entities, in source file program_sequencer.v
    Info (12023): Found entity 1: program_sequencer File: /home/tck290/engr-ece/CME341/micro/program_sequencer.v Line: 1
Info (12021): Found 1 design units, including 1 entities, in source file instruction_decoder.v
    Info (12023): Found entity 1: instruction_decoder File: /home/tck290/engr-ece/CME341/micro/instruction_decoder.v Line: 1
Info (12021): Found 1 design units, including 1 entities, in source file program_memory.v
    Info (12023): Found entity 1: program_memory File: /home/tck290/engr-ece/CME341/micro/program_memory.v Line: 39
Info (12021): Found 1 design units, including 1 entities, in source file computational_unit.v
    Info (12023): Found entity 1: computational_unit File: /home/tck290/engr-ece/CME341/micro/computational_unit.v Line: 1
Info (12021): Found 1 design units, including 1 entities, in source file data_memory.v
    Info (12023): Found entity 1: data_memory File: /home/tck290/engr-ece/CME341/micro/data_memory.v Line: 39
Warning (10236): Verilog HDL Implicit Net warning at micro.v(54): created implicit net for "reg_anables" File: /home/tck290/engr-ece/CME341/micro/micro.v Line: 54
Info (12127): Elaborating entity "micro" for the top level hierarchy
Info (12128): Elaborating entity "program_memory" for hierarchy "program_memory:prog_mem" File: /home/tck290/engr-ece/CME341/micro/micro.v Line: 18
Info (12128): Elaborating entity "altsyncram" for hierarchy "program_memory:prog_mem|altsyncram:altsyncram_component" File: /home/tck290/engr-ece/CME341/micro/program_memory.v Line: 81
Info (12130): Elaborated megafunction instantiation "program_memory:prog_mem|altsyncram:altsyncram_component" File: /home/tck290/engr-ece/CME341/micro/program_memory.v Line: 81
Info (12133): Instantiated megafunction "program_memory:prog_mem|altsyncram:altsyncram_component" with the following parameter: File: /home/tck290/engr-ece/CME341/micro/program_memory.v Line: 81
    Info (12134): Parameter "address_aclr_a" = "NONE"
    Info (12134): Parameter "clock_enable_input_a" = "BYPASS"
    Info (12134): Parameter "clock_enable_output_a" = "BYPASS"
    Info (12134): Parameter "init_file" = "program_memory_preamble.hex"
    Info (12134): Parameter "intended_device_family" = "Cyclone IV E"
    Info (12134): Parameter "lpm_hint" = "ENABLE_RUNTIME_MOD=NO"
    Info (12134): Parameter "lpm_type" = "altsyncram"
    Info (12134): Parameter "numwords_a" = "256"
    Info (12134): Parameter "operation_mode" = "ROM"
    Info (12134): Parameter "outdata_aclr_a" = "NONE"
    Info (12134): Parameter "outdata_reg_a" = "UNREGISTERED"
    Info (12134): Parameter "widthad_a" = "8"
    Info (12134): Parameter "width_a" = "8"
    Info (12134): Parameter "width_byteena_a" = "1"
Info (12021): Found 1 design units, including 1 entities, in source file db/altsyncram_lnb1.tdf
    Info (12023): Found entity 1: altsyncram_lnb1 File: /home/tck290/engr-ece/CME341/micro/db/altsyncram_lnb1.tdf Line: 27
Info (12128): Elaborating entity "altsyncram_lnb1" for hierarchy "program_memory:prog_mem|altsyncram:altsyncram_component|altsyncram_lnb1:auto_generated" File: /opt/intelFPGA/18.0/quartus/libraries/megafunctions/altsyncram.tdf Line: 791
Info (12128): Elaborating entity "instruction_decoder" for hierarchy "instruction_decoder:intr_decoder" File: /home/tck290/engr-ece/CME341/micro/micro.v Line: 31
Info (12128): Elaborating entity "program_sequencer" for hierarchy "program_sequencer:prog_sequencer" File: /home/tck290/engr-ece/CME341/micro/micro.v Line: 41
Info (12128): Elaborating entity "computational_unit" for hierarchy "computational_unit:comp_unit" File: /home/tck290/engr-ece/CME341/micro/micro.v Line: 58
Info (12128): Elaborating entity "data_memory" for hierarchy "data_memory:data_mem" File: /home/tck290/engr-ece/CME341/micro/micro.v Line: 65
Info (12128): Elaborating entity "altsyncram" for hierarchy "data_memory:data_mem|altsyncram:altsyncram_component" File: /home/tck290/engr-ece/CME341/micro/data_memory.v Line: 85
Info (12130): Elaborated megafunction instantiation "data_memory:data_mem|altsyncram:altsyncram_component" File: /home/tck290/engr-ece/CME341/micro/data_memory.v Line: 85
Info (12133): Instantiated megafunction "data_memory:data_mem|altsyncram:altsyncram_component" with the following parameter: File: /home/tck290/engr-ece/CME341/micro/data_memory.v Line: 85
    Info (12134): Parameter "clock_enable_input_a" = "BYPASS"
    Info (12134): Parameter "clock_enable_output_a" = "BYPASS"
    Info (12134): Parameter "intended_device_family" = "Cyclone IV E"
    Info (12134): Parameter "lpm_hint" = "ENABLE_RUNTIME_MOD=NO"
    Info (12134): Parameter "lpm_type" = "altsyncram"
    Info (12134): Parameter "numwords_a" = "16"
    Info (12134): Parameter "operation_mode" = "SINGLE_PORT"
    Info (12134): Parameter "outdata_aclr_a" = "NONE"
    Info (12134): Parameter "outdata_reg_a" = "UNREGISTERED"
    Info (12134): Parameter "power_up_uninitialized" = "FALSE"
    Info (12134): Parameter "read_during_write_mode_port_a" = "NEW_DATA_WITH_NBE_READ"
    Info (12134): Parameter "widthad_a" = "4"
    Info (12134): Parameter "width_a" = "4"
    Info (12134): Parameter "width_byteena_a" = "1"
Info (12021): Found 1 design units, including 1 entities, in source file db/altsyncram_8ag1.tdf
    Info (12023): Found entity 1: altsyncram_8ag1 File: /home/tck290/engr-ece/CME341/micro/db/altsyncram_8ag1.tdf Line: 27
Info (12128): Elaborating entity "altsyncram_8ag1" for hierarchy "data_memory:data_mem|altsyncram:altsyncram_component|altsyncram_8ag1:auto_generated" File: /opt/intelFPGA/18.0/quartus/libraries/megafunctions/altsyncram.tdf Line: 791
Warning (14284): Synthesized away the following node(s):
    Warning (14285): Synthesized away the following RAM node(s):
        Warning (14320): Synthesized away node "data_memory:data_mem|altsyncram:altsyncram_component|altsyncram_8ag1:auto_generated|q_a[0]" File: /home/tck290/engr-ece/CME341/micro/db/altsyncram_8ag1.tdf Line: 36
        Warning (14320): Synthesized away node "data_memory:data_mem|altsyncram:altsyncram_component|altsyncram_8ag1:auto_generated|q_a[1]" File: /home/tck290/engr-ece/CME341/micro/db/altsyncram_8ag1.tdf Line: 58
        Warning (14320): Synthesized away node "data_memory:data_mem|altsyncram:altsyncram_component|altsyncram_8ag1:auto_generated|q_a[2]" File: /home/tck290/engr-ece/CME341/micro/db/altsyncram_8ag1.tdf Line: 80
        Warning (14320): Synthesized away node "data_memory:data_mem|altsyncram:altsyncram_component|altsyncram_8ag1:auto_generated|q_a[3]" File: /home/tck290/engr-ece/CME341/micro/db/altsyncram_8ag1.tdf Line: 102
        Warning (14320): Synthesized away node "program_memory:prog_mem|altsyncram:altsyncram_component|altsyncram_lnb1:auto_generated|q_a[0]" File: /home/tck290/engr-ece/CME341/micro/db/altsyncram_lnb1.tdf Line: 34
        Warning (14320): Synthesized away node "program_memory:prog_mem|altsyncram:altsyncram_component|altsyncram_lnb1:auto_generated|q_a[1]" File: /home/tck290/engr-ece/CME341/micro/db/altsyncram_lnb1.tdf Line: 55
        Warning (14320): Synthesized away node "program_memory:prog_mem|altsyncram:altsyncram_component|altsyncram_lnb1:auto_generated|q_a[2]" File: /home/tck290/engr-ece/CME341/micro/db/altsyncram_lnb1.tdf Line: 76
        Warning (14320): Synthesized away node "program_memory:prog_mem|altsyncram:altsyncram_component|altsyncram_lnb1:auto_generated|q_a[3]" File: /home/tck290/engr-ece/CME341/micro/db/altsyncram_lnb1.tdf Line: 97
        Warning (14320): Synthesized away node "program_memory:prog_mem|altsyncram:altsyncram_component|altsyncram_lnb1:auto_generated|q_a[4]" File: /home/tck290/engr-ece/CME341/micro/db/altsyncram_lnb1.tdf Line: 118
        Warning (14320): Synthesized away node "program_memory:prog_mem|altsyncram:altsyncram_component|altsyncram_lnb1:auto_generated|q_a[5]" File: /home/tck290/engr-ece/CME341/micro/db/altsyncram_lnb1.tdf Line: 139
        Warning (14320): Synthesized away node "program_memory:prog_mem|altsyncram:altsyncram_component|altsyncram_lnb1:auto_generated|q_a[6]" File: /home/tck290/engr-ece/CME341/micro/db/altsyncram_lnb1.tdf Line: 160
        Warning (14320): Synthesized away node "program_memory:prog_mem|altsyncram:altsyncram_component|altsyncram_lnb1:auto_generated|q_a[7]" File: /home/tck290/engr-ece/CME341/micro/db/altsyncram_lnb1.tdf Line: 181
Warning (12241): 1 hierarchies have connectivity warnings - see the Connectivity Checks report folder
Warning (13024): Output pins are stuck at VCC or GND
    Warning (13410): Pin "o_reg[0]" is stuck at GND File: /home/tck290/engr-ece/CME341/micro/micro.v Line: 4
    Warning (13410): Pin "o_reg[1]" is stuck at GND File: /home/tck290/engr-ece/CME341/micro/micro.v Line: 4
    Warning (13410): Pin "o_reg[2]" is stuck at GND File: /home/tck290/engr-ece/CME341/micro/micro.v Line: 4
    Warning (13410): Pin "o_reg[3]" is stuck at GND File: /home/tck290/engr-ece/CME341/micro/micro.v Line: 4
Info (17049): 22 registers lost all their fanouts during netlist optimizations.
Info (16010): Generating hard_block partition "hard_block:auto_generated_inst"
    Info (16011): Adding 0 node(s), including 0 DDIO, 0 PLL, 0 transceiver and 0 LCELL
Warning (21074): Design contains 6 input pin(s) that do not drive logic
    Warning (15610): No output dependent on input pin "clk" File: /home/tck290/engr-ece/CME341/micro/micro.v Line: 2
    Warning (15610): No output dependent on input pin "reset" File: /home/tck290/engr-ece/CME341/micro/micro.v Line: 2
    Warning (15610): No output dependent on input pin "i_pins[0]" File: /home/tck290/engr-ece/CME341/micro/micro.v Line: 3
    Warning (15610): No output dependent on input pin "i_pins[1]" File: /home/tck290/engr-ece/CME341/micro/micro.v Line: 3
    Warning (15610): No output dependent on input pin "i_pins[2]" File: /home/tck290/engr-ece/CME341/micro/micro.v Line: 3
    Warning (15610): No output dependent on input pin "i_pins[3]" File: /home/tck290/engr-ece/CME341/micro/micro.v Line: 3
Info (21057): Implemented 10 device resources after synthesis - the final resource count might be different
    Info (21058): Implemented 6 input pins
    Info (21059): Implemented 4 output pins
Info: Quartus Prime Analysis & Synthesis was successful. 0 errors, 29 warnings
    Info: Peak virtual memory: 1085 megabytes
    Info: Processing ended: Wed Dec 12 18:04:36 2018
    Info: Elapsed time: 00:00:12
    Info: Total CPU time (on all processors): 00:00:29


